Hmm ... looks like a package

This is pdfTeX, Version 3.1415926-2.5-1.40.14 (TeX Live 2013)
 restricted \write18 enabled.
entering extended mode
LaTeX2e <2011/06/27>
Babel <3.9f> and hyphenation patterns for 2 languages loaded.
(./Rd2.tex
(/usr/share/texlive/texmf-dist/tex/latex/base/book.cls
Document Class: book 2007/10/19 v1.4h Standard LaTeX document class
(/usr/share/texlive/texmf-dist/tex/latex/base/bk10.clo))
(/home/simon/Downloads/R-devel/share/texmf/tex/latex/Rd.sty
(/usr/share/texlive/texmf-dist/tex/latex/base/ifthen.sty)
(/usr/share/texlive/texmf-dist/tex/latex/tools/longtable.sty)
(/usr/share/texlive/texmf-dist/tex/latex/tools/bm.sty)
(/usr/share/texlive/texmf-dist/tex/latex/base/alltt.sty)
(/usr/share/texlive/texmf-dist/tex/latex/tools/verbatim.sty)
(/usr/share/texlive/texmf-dist/tex/latex/url/url.sty)
(/usr/share/texlive/texmf-dist/tex/latex/base/textcomp.sty
(/usr/share/texlive/texmf-dist/tex/latex/base/ts1enc.def))
(/usr/share/texlive/texmf-dist/tex/latex/base/fontenc.sty
(/usr/share/texlive/texmf-dist/tex/latex/base/t1enc.def))
(/usr/share/texlive/texmf-dist/tex/latex/psnfss/times.sty)
(/usr/share/texlive/texmf-dist/tex/latex/inconsolata/inconsolata.sty
(/usr/share/texlive/texmf-dist/tex/latex/graphics/keyval.sty))
(/usr/share/texlive/texmf-dist/tex/latex/graphics/color.sty
(/usr/share/texlive/texmf-dist/tex/latex/latexconfig/color.cfg)
(/usr/share/texlive/texmf-dist/tex/latex/pdftex-def/pdftex.def
(/usr/share/texlive/texmf-dist/tex/generic/oberdiek/infwarerr.sty)
(/usr/share/texlive/texmf-dist/tex/generic/oberdiek/ltxcmds.sty)))
(/usr/share/texlive/texmf-dist/tex/latex/hyperref/hyperref.sty
(/usr/share/texlive/texmf-dist/tex/generic/oberdiek/hobsub-hyperref.sty
(/usr/share/texlive/texmf-dist/tex/generic/oberdiek/hobsub-generic.sty))
(/usr/share/texlive/texmf-dist/tex/generic/ifxetex/ifxetex.sty)
(/usr/share/texlive/texmf-dist/tex/latex/oberdiek/auxhook.sty)
(/usr/share/texlive/texmf-dist/tex/latex/oberdiek/kvoptions.sty)
(/usr/share/texlive/texmf-dist/tex/latex/hyperref/pd1enc.def)
(/usr/share/texlive/texmf-dist/tex/latex/latexconfig/hyperref.cfg))

Package hyperref Message: Driver (autodetected): hpdftex.

(/usr/share/texlive/texmf-dist/tex/latex/hyperref/hpdftex.def
(/usr/share/texlive/texmf-dist/tex/latex/oberdiek/rerunfilecheck.sty))

Package hyperref Warning: Option `hyperindex' has already been used,
(hyperref)                setting the option has no effect on input line 366.


Package hyperref Warning: Option `pagebackref' has already been used,
(hyperref)                setting the option has no effect on input line 366.

) (/usr/share/texlive/texmf-dist/tex/latex/base/makeidx.sty)
(/usr/share/texlive/texmf-dist/tex/latex/base/inputenc.sty
(/usr/share/texlive/texmf-dist/tex/latex/base/utf8.def
(/usr/share/texlive/texmf-dist/tex/latex/base/t1enc.dfu)
(/usr/share/texlive/texmf-dist/tex/latex/base/ot1enc.dfu)
(/usr/share/texlive/texmf-dist/tex/latex/base/omsenc.dfu)
(/usr/share/texlive/texmf-dist/tex/latex/base/ts1enc.dfu))
(/usr/share/texlive/texmf-dist/tex/latex/base/latin1.def))
Writing index file Rd2.idx
No file Rd2.aux.
(/usr/share/texlive/texmf-dist/tex/latex/base/ts1cmr.fd)
(/usr/share/texlive/texmf-dist/tex/latex/psnfss/t1ptm.fd)
(/usr/share/texlive/texmf-dist/tex/context/base/supp-pdf.mkii
[Loading MPS to PDF converter (version 2006.09.02).]
) (/usr/share/texlive/texmf-dist/tex/latex/hyperref/nameref.sty
(/usr/share/texlive/texmf-dist/tex/generic/oberdiek/gettitlestring.sty))
(/usr/share/texlive/texmf-dist/tex/latex/inconsolata/t1fi4.fd)
(/usr/share/texlive/texmf-dist/tex/latex/psnfss/ts1ptm.fd)
(/usr/share/texlive/texmf-dist/tex/latex/psnfss/t1phv.fd)
(/usr/share/texlive/texmf-dist/tex/latex/base/utf8.def) [1{/usr/share/texlive/t
exmf-dist/fonts/map/pdftex/updmap/pdftex.map}] [2] [3]
Underfull \vbox (badness 10000) has occurred while \output is active [4]
(/usr/share/texlive/texmf-dist/tex/latex/base/utf8.def)
(/usr/share/texlive/texmf-dist/tex/latex/inconsolata/ts1fi4.fd) [5]
(/usr/share/texlive/texmf-dist/tex/latex/base/utf8.def) [6]
(/usr/share/texlive/texmf-dist/tex/latex/base/utf8.def) [7]
(/usr/share/texlive/texmf-dist/tex/latex/base/utf8.def) [8]
(/usr/share/texlive/texmf-dist/tex/latex/base/utf8.def) [9] [10]
(/usr/share/texlive/texmf-dist/tex/latex/base/utf8.def) [11]
(/usr/share/texlive/texmf-dist/tex/latex/base/utf8.def) [12]
(/usr/share/texlive/texmf-dist/tex/latex/base/utf8.def) [13]
(/usr/share/texlive/texmf-dist/tex/latex/base/utf8.def) [14]
(/usr/share/texlive/texmf-dist/tex/latex/base/utf8.def) [15]
(/usr/share/texlive/texmf-dist/tex/latex/base/utf8.def) [16]
(/usr/share/texlive/texmf-dist/tex/latex/base/utf8.def)
Overfull \hbox (29.46725pt too wide) in paragraph at lines 1057--1062
[]\T1/ptm/m/n/10 The user can com-pare the per-for-mance of dif-fer-ent sta-tis
-ti-cal mod-els by pro-vid-ing a list of \T1/fi4/m/n/10 PredictionList
[17] (/usr/share/texlive/texmf-dist/tex/latex/base/utf8.def) [18]
(/usr/share/texlive/texmf-dist/tex/latex/base/utf8.def) [19]
(/usr/share/texlive/texmf-dist/tex/latex/base/utf8.def) [20]
(/usr/share/texlive/texmf-dist/tex/latex/base/utf8.def)
Overfull \hbox (23.18791pt too wide) in paragraph at lines 1281--1284
[]\T1/fi4/m/n/10 object[[i]] \T1/ptm/m/n/10 can be used to ex-tract in-di-vid-u
al ob-jects from con-tainer classes such as \T1/fi4/m/n/10 ExpVarRasterList\T1/
ptm/m/n/10 ,
(/usr/share/texlive/texmf-dist/tex/latex/base/utf8.def) [21]
(/usr/share/texlive/texmf-dist/tex/latex/base/utf8.def) [22]
(/usr/share/texlive/texmf-dist/tex/latex/base/utf8.def)
(/usr/share/texlive/texmf-dist/tex/latex/base/utf8.def) [23]
(/usr/share/texlive/texmf-dist/tex/latex/base/utf8.def)
(/usr/share/texlive/texmf-dist/tex/latex/base/utf8.def) [24] [25]
(/usr/share/texlive/texmf-dist/tex/latex/base/utf8.def)
(/usr/share/texlive/texmf-dist/tex/latex/base/utf8.def) [26] [27]
(/usr/share/texlive/texmf-dist/tex/latex/base/utf8.def)
(/usr/share/texlive/texmf-dist/tex/latex/base/utf8.def) [28] [29]
(/usr/share/texlive/texmf-dist/tex/latex/base/utf8.def)
(/usr/share/texlive/texmf-dist/tex/latex/base/utf8.def) [30] [31]
(/usr/share/texlive/texmf-dist/tex/latex/base/utf8.def)
(/usr/share/texlive/texmf-dist/tex/latex/base/utf8.def) [32]
(/usr/share/texlive/texmf-dist/tex/latex/base/utf8.def)
(/usr/share/texlive/texmf-dist/tex/latex/base/utf8.def) [33]
(/usr/share/texlive/texmf-dist/tex/latex/base/utf8.def) [34]
(/usr/share/texlive/texmf-dist/tex/latex/base/utf8.def) [35]
(/usr/share/texlive/texmf-dist/tex/latex/base/utf8.def) [36]
(/usr/share/texlive/texmf-dist/tex/latex/base/utf8.def) [37]
(/usr/share/texlive/texmf-dist/tex/latex/base/utf8.def) [38]
Overfull \hbox (14.16737pt too wide) in paragraph at lines 2466--2468
[]\T1/ptm/m/n/10 logical in-di-cat-ing whether the func-tion should re-turn a m
a-trix (de-fault) or data.frame 
[39]
Overfull \hbox (23.28088pt too wide) in paragraph at lines 2509--2509
 []\T1/fi4/m/n/9 forms <- list(Forest ~ ef_001+ef_002+ef_003+ef_004+ef_005+ef_0
06+ef_007+ef_008+ef_010+ef_012,[] 

Overfull \hbox (41.28088pt too wide) in paragraph at lines 2511--2511
 []              \T1/fi4/m/n/9 Grass~ef_001+ef_002+ef_004+ef_005+ef_007+ef_008+
ef_009+ef_010+ef_011+ef_012+ef_013,[] 
(/usr/share/texlive/texmf-dist/tex/latex/base/utf8.def)
Overfull \hbox (17.11859pt too wide) in paragraph at lines 2535--2540
[]\T1/ptm/m/n/10 This func-tion cre-ates a \T1/fi4/m/n/10 ROCR::[][]prediction[
][][] \T1/ptm/m/n/10 ob-ject for each pre-dic-tive model in a \T1/fi4/m/n/10 Pr
edictiveModelList
[40] (/usr/share/texlive/texmf-dist/tex/latex/base/utf8.def)
(/usr/share/texlive/texmf-dist/tex/latex/base/utf8.def)
(/usr/share/texlive/texmf-dist/tex/latex/base/utf8.def) [41] [42]
(/usr/share/texlive/texmf-dist/tex/latex/base/utf8.def)
(/usr/share/texlive/texmf-dist/tex/latex/base/utf8.def) [43]
(/usr/share/texlive/texmf-dist/tex/latex/base/utf8.def) [44]
(/usr/share/texlive/texmf-dist/tex/latex/base/utf8.def)
Overfull \hbox (11.85826pt too wide) in paragraph at lines 2861--2864
[]\T1/ptm/m/n/10 Extract a sub-set of ob-jects from con-tainer classes such as 
\T1/fi4/m/n/10 ExpVarRasterList\T1/ptm/m/n/10 , \T1/fi4/m/n/10 PredictiveModelL
ist\T1/ptm/m/n/10 ,
[45]
Overfull \hbox (5.34013pt too wide) in paragraph at lines 2884--2886
[]\T1/ptm/m/n/10 an ob-ject of class \T1/fi4/m/n/10 ExpVarRasterList\T1/ptm/m/n
/10 , \T1/fi4/m/n/10 PredictiveModelList\T1/ptm/m/n/10 , \T1/fi4/m/n/10 Predict
ionList
(/usr/share/texlive/texmf-dist/tex/latex/base/utf8.def) [46]
(/usr/share/texlive/texmf-dist/tex/latex/base/utf8.def) [47]
(/usr/share/texlive/texmf-dist/tex/latex/base/utf8.def) [48]
(/usr/share/texlive/texmf-dist/tex/latex/base/utf8.def)
No file Rd2.ind.
[49] (./Rd2.aux)

Package rerunfilecheck Warning: File `Rd2.out' has changed.
(rerunfilecheck)                Rerun to get outlines right
(rerunfilecheck)                or use package `bookmark'.

 )
(see the transcript file for additional information)pdfTeX warning (dest): name
{Rfn.aggregate} has been referenced but does not exist, replaced by a fixed one


pdfTeX warning (dest): name{Rfn.resample} has been referenced but does not exis
t, replaced by a fixed one

pdfTeX warning (dest): name{Rfn.prediction.Rdash.class} has been referenced but
 does not exist, replaced by a fixed one

pdfTeX warning (dest): name{Rfn.Model\\unhbox\040\\voidb@x\040\\penalty\040\\@M
\040\\\040fitting} has been referenced but does not exist, replaced by a fixed 
one

pdfTeX warning (dest): name{Rfn.panel.xyplot} has been referenced but does not 
exist, replaced by a fixed one

pdfTeX warning (dest): name{Rfn.xyplot} has been referenced but does not exist,
 replaced by a fixed one

pdfTeX warning (dest): name{Rfn.levelplot} has been referenced but does not exi
st, replaced by a fixed one

pdfTeX warning (dest): name{Rfn.performance.Rdash.class} has been referenced bu
t does not exist, replaced by a fixed one

pdfTeX warning (dest): name{Rfn.createDataPartition} has been referenced but do
es not exist, replaced by a fixed one

pdfTeX warning (dest): name{Rfn.Raster.Rdash.class} has been referenced but doe
s not exist, replaced by a fixed one

pdfTeX warning (dest): name{Rfn.focal} has been referenced but does not exist, 
replaced by a fixed one

pdfTeX warning (dest): name{Rfn.randomForest} has been referenced but does not 
exist, replaced by a fixed one

pdfTeX warning (dest): name{Rfn.rpart} has been referenced but does not exist, 
replaced by a fixed one

pdfTeX warning (dest): name{Rfn.glm} has been referenced but does not exist, re
placed by a fixed one

pdfTeX warning (dest): name{Rfn.stack} has been referenced but does not exist, 
replaced by a fixed one

pdfTeX warning (dest): name{Rfn.raster} has been referenced but does not exist,
 replaced by a fixed one

pdfTeX warning (dest): name{Rfn.crosstab} has been referenced but does not exis
t, replaced by a fixed one

pdfTeX warning (dest): name{Rfn.prediction} has been referenced but does not ex
ist, replaced by a fixed one

pdfTeX warning (dest): name{Rfn.as.data.frame} has been referenced but does not
 exist, replaced by a fixed one

pdfTeX warning (dest): name{Rfn.layerize} has been referenced but does not exis
t, replaced by a fixed one

pdfTeX warning (dest): name{Rfn.extract} has been referenced but does not exist
, replaced by a fixed one

pdfTeX warning (dest): name{Rfn.approxExtrap} has been referenced but does not 
exist, replaced by a fixed one

{/usr/share/texlive/texmf-dist/fonts/enc/dvips/base/8r.enc}{/usr/share/texlive/
texmf-dist/fonts/enc/dvips/inconsolata/fi4-ec.enc}</usr/share/texlive/texmf-dis
t/fonts/type1/public/inconsolata/Inconsolata.pfb></usr/share/texlive/texmf-dist
/fonts/type1/urw/helvetic/uhvr8a.pfb></usr/share/texlive/texmf-dist/fonts/type1
/urw/times/utmb8a.pfb></usr/share/texlive/texmf-dist/fonts/type1/urw/times/utmr
8a.pfb></usr/share/texlive/texmf-dist/fonts/type1/urw/times/utmr8a.pfb></usr/sh
are/texlive/texmf-dist/fonts/type1/urw/times/utmri8a.pfb>
Output written on Rd2.pdf (49 pages, 165035 bytes).
Transcript written on Rd2.log.
This is makeindex, version 2.15 [TeX Live 2013] (kpathsea + Thai support).
Scanning input file Rd2.idx....done (228 entries accepted, 31 rejected).
Sorting entries.....done (1966 comparisons).
Generating output file Rd2.ind....done (276 lines written, 1 warning).
Output written in Rd2.ind.
Transcript written in Rd2.ilg.
This is pdfTeX, Version 3.1415926-2.5-1.40.14 (TeX Live 2013)
 restricted \write18 enabled.
entering extended mode
LaTeX2e <2011/06/27>
Babel <3.9f> and hyphenation patterns for 2 languages loaded.
(./Rd2.tex
(/usr/share/texlive/texmf-dist/tex/latex/base/book.cls
Document Class: book 2007/10/19 v1.4h Standard LaTeX document class
(/usr/share/texlive/texmf-dist/tex/latex/base/bk10.clo))
(/home/simon/Downloads/R-devel/share/texmf/tex/latex/Rd.sty
(/usr/share/texlive/texmf-dist/tex/latex/base/ifthen.sty)
(/usr/share/texlive/texmf-dist/tex/latex/tools/longtable.sty)
(/usr/share/texlive/texmf-dist/tex/latex/tools/bm.sty)
(/usr/share/texlive/texmf-dist/tex/latex/base/alltt.sty)
(/usr/share/texlive/texmf-dist/tex/latex/tools/verbatim.sty)
(/usr/share/texlive/texmf-dist/tex/latex/url/url.sty)
(/usr/share/texlive/texmf-dist/tex/latex/base/textcomp.sty
(/usr/share/texlive/texmf-dist/tex/latex/base/ts1enc.def))
(/usr/share/texlive/texmf-dist/tex/latex/base/fontenc.sty
(/usr/share/texlive/texmf-dist/tex/latex/base/t1enc.def))
(/usr/share/texlive/texmf-dist/tex/latex/psnfss/times.sty)
(/usr/share/texlive/texmf-dist/tex/latex/inconsolata/inconsolata.sty
(/usr/share/texlive/texmf-dist/tex/latex/graphics/keyval.sty))
(/usr/share/texlive/texmf-dist/tex/latex/graphics/color.sty
(/usr/share/texlive/texmf-dist/tex/latex/latexconfig/color.cfg)
(/usr/share/texlive/texmf-dist/tex/latex/pdftex-def/pdftex.def
(/usr/share/texlive/texmf-dist/tex/generic/oberdiek/infwarerr.sty)
(/usr/share/texlive/texmf-dist/tex/generic/oberdiek/ltxcmds.sty)))
(/usr/share/texlive/texmf-dist/tex/latex/hyperref/hyperref.sty
(/usr/share/texlive/texmf-dist/tex/generic/oberdiek/hobsub-hyperref.sty
(/usr/share/texlive/texmf-dist/tex/generic/oberdiek/hobsub-generic.sty))
(/usr/share/texlive/texmf-dist/tex/generic/ifxetex/ifxetex.sty)
(/usr/share/texlive/texmf-dist/tex/latex/oberdiek/auxhook.sty)
(/usr/share/texlive/texmf-dist/tex/latex/oberdiek/kvoptions.sty)
(/usr/share/texlive/texmf-dist/tex/latex/hyperref/pd1enc.def)
(/usr/share/texlive/texmf-dist/tex/latex/latexconfig/hyperref.cfg))

Package hyperref Message: Driver (autodetected): hpdftex.

(/usr/share/texlive/texmf-dist/tex/latex/hyperref/hpdftex.def
(/usr/share/texlive/texmf-dist/tex/latex/oberdiek/rerunfilecheck.sty))

Package hyperref Warning: Option `hyperindex' has already been used,
(hyperref)                setting the option has no effect on input line 366.


Package hyperref Warning: Option `pagebackref' has already been used,
(hyperref)                setting the option has no effect on input line 366.

) (/usr/share/texlive/texmf-dist/tex/latex/base/makeidx.sty)
(/usr/share/texlive/texmf-dist/tex/latex/base/inputenc.sty
(/usr/share/texlive/texmf-dist/tex/latex/base/utf8.def
(/usr/share/texlive/texmf-dist/tex/latex/base/t1enc.dfu)
(/usr/share/texlive/texmf-dist/tex/latex/base/ot1enc.dfu)
(/usr/share/texlive/texmf-dist/tex/latex/base/omsenc.dfu)
(/usr/share/texlive/texmf-dist/tex/latex/base/ts1enc.dfu))
(/usr/share/texlive/texmf-dist/tex/latex/base/latin1.def))
Writing index file Rd2.idx
(./Rd2.aux) (/usr/share/texlive/texmf-dist/tex/latex/base/ts1cmr.fd)
(/usr/share/texlive/texmf-dist/tex/latex/psnfss/t1ptm.fd)
(/usr/share/texlive/texmf-dist/tex/context/base/supp-pdf.mkii
[Loading MPS to PDF converter (version 2006.09.02).]
) (/usr/share/texlive/texmf-dist/tex/latex/hyperref/nameref.sty
(/usr/share/texlive/texmf-dist/tex/generic/oberdiek/gettitlestring.sty))
(./Rd2.out) (./Rd2.out)
(/usr/share/texlive/texmf-dist/tex/latex/inconsolata/t1fi4.fd)
(/usr/share/texlive/texmf-dist/tex/latex/psnfss/ts1ptm.fd)
(/usr/share/texlive/texmf-dist/tex/latex/psnfss/t1phv.fd) (./Rd2.toc [1{/usr/sh
are/texlive/texmf-dist/fonts/map/pdftex/updmap/pdftex.map}])
(/usr/share/texlive/texmf-dist/tex/latex/base/utf8.def) [2] [3] [4]
Underfull \vbox (badness 10000) has occurred while \output is active [5]
(/usr/share/texlive/texmf-dist/tex/latex/base/utf8.def)
(/usr/share/texlive/texmf-dist/tex/latex/inconsolata/ts1fi4.fd) [6]
(/usr/share/texlive/texmf-dist/tex/latex/base/utf8.def) [7]
(/usr/share/texlive/texmf-dist/tex/latex/base/utf8.def) [8]
(/usr/share/texlive/texmf-dist/tex/latex/base/utf8.def) [9]
(/usr/share/texlive/texmf-dist/tex/latex/base/utf8.def) [10] [11]
(/usr/share/texlive/texmf-dist/tex/latex/base/utf8.def) [12]
(/usr/share/texlive/texmf-dist/tex/latex/base/utf8.def) [13]
(/usr/share/texlive/texmf-dist/tex/latex/base/utf8.def) [14]
(/usr/share/texlive/texmf-dist/tex/latex/base/utf8.def) [15]
(/usr/share/texlive/texmf-dist/tex/latex/base/utf8.def) [16]
(/usr/share/texlive/texmf-dist/tex/latex/base/utf8.def) [17]
(/usr/share/texlive/texmf-dist/tex/latex/base/utf8.def)
Overfull \hbox (29.46725pt too wide) in paragraph at lines 1057--1062
[]\T1/ptm/m/n/10 The user can com-pare the per-for-mance of dif-fer-ent sta-tis
-ti-cal mod-els by pro-vid-ing a list of \T1/fi4/m/n/10 PredictionList
[18] (/usr/share/texlive/texmf-dist/tex/latex/base/utf8.def) [19]
(/usr/share/texlive/texmf-dist/tex/latex/base/utf8.def) [20]
(/usr/share/texlive/texmf-dist/tex/latex/base/utf8.def) [21]
(/usr/share/texlive/texmf-dist/tex/latex/base/utf8.def)
Overfull \hbox (23.18791pt too wide) in paragraph at lines 1281--1284
[]\T1/fi4/m/n/10 object[[i]] \T1/ptm/m/n/10 can be used to ex-tract in-di-vid-u
al ob-jects from con-tainer classes such as \T1/fi4/m/n/10 ExpVarRasterList\T1/
ptm/m/n/10 ,
(/usr/share/texlive/texmf-dist/tex/latex/base/utf8.def) [22]
(/usr/share/texlive/texmf-dist/tex/latex/base/utf8.def) [23]
(/usr/share/texlive/texmf-dist/tex/latex/base/utf8.def)
(/usr/share/texlive/texmf-dist/tex/latex/base/utf8.def) [24]
(/usr/share/texlive/texmf-dist/tex/latex/base/utf8.def)
(/usr/share/texlive/texmf-dist/tex/latex/base/utf8.def) [25] [26]
(/usr/share/texlive/texmf-dist/tex/latex/base/utf8.def)
(/usr/share/texlive/texmf-dist/tex/latex/base/utf8.def) [27] [28]
(/usr/share/texlive/texmf-dist/tex/latex/base/utf8.def)
(/usr/share/texlive/texmf-dist/tex/latex/base/utf8.def) [29] [30]
(/usr/share/texlive/texmf-dist/tex/latex/base/utf8.def)
(/usr/share/texlive/texmf-dist/tex/latex/base/utf8.def) [31] [32]
(/usr/share/texlive/texmf-dist/tex/latex/base/utf8.def)
(/usr/share/texlive/texmf-dist/tex/latex/base/utf8.def) [33]
(/usr/share/texlive/texmf-dist/tex/latex/base/utf8.def)
(/usr/share/texlive/texmf-dist/tex/latex/base/utf8.def) [34]
(/usr/share/texlive/texmf-dist/tex/latex/base/utf8.def) [35]
(/usr/share/texlive/texmf-dist/tex/latex/base/utf8.def) [36]
(/usr/share/texlive/texmf-dist/tex/latex/base/utf8.def) [37]
(/usr/share/texlive/texmf-dist/tex/latex/base/utf8.def) [38]
(/usr/share/texlive/texmf-dist/tex/latex/base/utf8.def) [39]
Overfull \hbox (14.16737pt too wide) in paragraph at lines 2466--2468
[]\T1/ptm/m/n/10 logical in-di-cat-ing whether the func-tion should re-turn a m
a-trix (de-fault) or data.frame 
[40]
Overfull \hbox (23.28088pt too wide) in paragraph at lines 2509--2509
 []\T1/fi4/m/n/9 forms <- list(Forest ~ ef_001+ef_002+ef_003+ef_004+ef_005+ef_0
06+ef_007+ef_008+ef_010+ef_012,[] 

Overfull \hbox (41.28088pt too wide) in paragraph at lines 2511--2511
 []              \T1/fi4/m/n/9 Grass~ef_001+ef_002+ef_004+ef_005+ef_007+ef_008+
ef_009+ef_010+ef_011+ef_012+ef_013,[] 
(/usr/share/texlive/texmf-dist/tex/latex/base/utf8.def)
Overfull \hbox (17.11859pt too wide) in paragraph at lines 2535--2540
[]\T1/ptm/m/n/10 This func-tion cre-ates a \T1/fi4/m/n/10 ROCR::[][]prediction[
][][] \T1/ptm/m/n/10 ob-ject for each pre-dic-tive model in a \T1/fi4/m/n/10 Pr
edictiveModelList
[41] (/usr/share/texlive/texmf-dist/tex/latex/base/utf8.def)
(/usr/share/texlive/texmf-dist/tex/latex/base/utf8.def)
(/usr/share/texlive/texmf-dist/tex/latex/base/utf8.def) [42] [43]
(/usr/share/texlive/texmf-dist/tex/latex/base/utf8.def)
(/usr/share/texlive/texmf-dist/tex/latex/base/utf8.def) [44]
(/usr/share/texlive/texmf-dist/tex/latex/base/utf8.def) [45]
(/usr/share/texlive/texmf-dist/tex/latex/base/utf8.def)
Overfull \hbox (11.85826pt too wide) in paragraph at lines 2861--2864
[]\T1/ptm/m/n/10 Extract a sub-set of ob-jects from con-tainer classes such as 
\T1/fi4/m/n/10 ExpVarRasterList\T1/ptm/m/n/10 , \T1/fi4/m/n/10 PredictiveModelL
ist\T1/ptm/m/n/10 ,
[46]
Overfull \hbox (5.34013pt too wide) in paragraph at lines 2884--2886
[]\T1/ptm/m/n/10 an ob-ject of class \T1/fi4/m/n/10 ExpVarRasterList\T1/ptm/m/n
/10 , \T1/fi4/m/n/10 PredictiveModelList\T1/ptm/m/n/10 , \T1/fi4/m/n/10 Predict
ionList
(/usr/share/texlive/texmf-dist/tex/latex/base/utf8.def) [47]
(/usr/share/texlive/texmf-dist/tex/latex/base/utf8.def) [48]
(/usr/share/texlive/texmf-dist/tex/latex/base/utf8.def) [49]
(/usr/share/texlive/texmf-dist/tex/latex/base/utf8.def) (./Rd2.ind [50]

LaTeX Font Warning: Font shape `T1/fi4/m/it' undefined
(Font)              using `T1/fi4/m/n' instead on input line 6.


Overfull \hbox (15.8567pt too wide) in paragraph at lines 19--21
[]\T1/fi4/m/it/10 AgreementBudget,ThreeMapComparison-method 

Overfull \hbox (10.01662pt too wide) in paragraph at lines 38--40
\T1/ptm/m/it/10 (\T1/fi4/m/it/10 as.data.frame.ExpVarRasterList\T1/ptm/m/it/10 
)\T1/ptm/m/n/10 , 

Overfull \hbox (5.8567pt too wide) in paragraph at lines 40--42
[]\T1/fi4/m/it/10 as.data.frame,ObsLulcRasterStack-method 

Overfull \hbox (10.01662pt too wide) in paragraph at lines 40--42
\T1/ptm/m/it/10 (\T1/fi4/m/it/10 as.data.frame.ExpVarRasterList\T1/ptm/m/it/10 
)\T1/ptm/m/n/10 , 

Overfull \hbox (10.01662pt too wide) in paragraph at lines 43--45
\T1/ptm/m/it/10 (\T1/fi4/m/it/10 as.data.frame.ExpVarRasterList\T1/ptm/m/it/10 
)\T1/ptm/m/n/10 , 

Overfull \hbox (175.8567pt too wide) in paragraph at lines 52--54
[]\T1/fi4/m/it/10 CluesModel,ObsLulcRasterStack,ExpVarRasterList,PredictiveMode
lList-method 

Overfull \hbox (25.8567pt too wide) in paragraph at lines 63--65
[]\T1/fi4/m/it/10 crossTabulate,ObsLulcRasterStack,ANY-method 

Overfull \hbox (30.8567pt too wide) in paragraph at lines 65--67
[]\T1/fi4/m/it/10 crossTabulate,RasterLayer,RasterLayer-method 

Overfull \hbox (25.8567pt too wide) in paragraph at lines 73--75
[]\T1/fi4/m/it/10 ExpVarRasterList,character,character-method 

Overfull \hbox (0.8567pt too wide) in paragraph at lines 77--79
[]\T1/fi4/m/it/10 ExpVarRasterList,list,character-method 

Overfull \hbox (15.8567pt too wide) in paragraph at lines 81--83
[]\T1/fi4/m/it/10 ExpVarRasterList,missing,character-method 

Overfull \hbox (35.8567pt too wide) in paragraph at lines 85--87
[]\T1/fi4/m/it/10 ExpVarRasterList,RasterStack,character-method 

Overfull \hbox (5.8567pt too wide) in paragraph at lines 101--103
[]\T1/fi4/m/it/10 FigureOfMerit,ThreeMapComparison-method 
[51]
Overfull \hbox (100.8567pt too wide) in paragraph at lines 128--130
[]\T1/fi4/m/it/10 NeighbRasterStack,RasterLayer,ANY,NeighbRasterStack-method 

Overfull \hbox (35.8567pt too wide) in paragraph at lines 130--132
[]\T1/fi4/m/it/10 NeighbRasterStack,RasterLayer,list,ANY-method 

Overfull \hbox (45.8567pt too wide) in paragraph at lines 132--134
[]\T1/fi4/m/it/10 NeighbRasterStack,RasterLayer,matrix,ANY-method 

Overfull \hbox (35.8567pt too wide) in paragraph at lines 142--144
[]\T1/fi4/m/it/10 ObsLulcRasterStack,character,character-method 

Overfull \hbox (10.8567pt too wide) in paragraph at lines 144--146
[]\T1/fi4/m/it/10 ObsLulcRasterStack,list,character-method 

Overfull \hbox (25.8567pt too wide) in paragraph at lines 146--148
[]\T1/fi4/m/it/10 ObsLulcRasterStack,missing,character-method 

Overfull \hbox (15.8567pt too wide) in paragraph at lines 148--150
[]\T1/fi4/m/it/10 ObsLulcRasterStack,RasterLayer,ANY-method 

Overfull \hbox (15.8567pt too wide) in paragraph at lines 150--152
[]\T1/fi4/m/it/10 ObsLulcRasterStack,RasterStack,ANY-method 

Overfull \hbox (185.8567pt too wide) in paragraph at lines 155--157
[]\T1/fi4/m/it/10 OrderedModel,ObsLulcRasterStack,ExpVarRasterList,PredictiveMo
delList-method 

Overfull \hbox (8.3567pt too wide) in paragraph at lines 217--219
[]\T1/fi4/m/it/10 resample,ExpVarRasterList,Raster-method\T1/ptm/m/n/10 , 

Overfull \hbox (55.01662pt too wide) in paragraph at lines 219--221
\T1/ptm/m/it/10 (\T1/fi4/m/it/10 resample,ExpVarRasterList,Raster-method\T1/ptm
/m/it/10 )\T1/ptm/m/n/10 , 

Overfull \hbox (10.01662pt too wide) in paragraph at lines 243--245
\T1/ptm/m/it/10 (\T1/fi4/m/it/10 subset,ExpVarRasterList-method\T1/ptm/m/it/10 
)\T1/ptm/m/n/10 , 

Overfull \hbox (10.01662pt too wide) in paragraph at lines 245--247
\T1/ptm/m/it/10 (\T1/fi4/m/it/10 subset,ExpVarRasterList-method\T1/ptm/m/it/10 
)\T1/ptm/m/n/10 , 

Overfull \hbox (10.01662pt too wide) in paragraph at lines 247--249
\T1/ptm/m/it/10 (\T1/fi4/m/it/10 subset,ExpVarRasterList-method\T1/ptm/m/it/10 
)\T1/ptm/m/n/10 , 
[52]
Overfull \hbox (5.8567pt too wide) in paragraph at lines 265--267
[]\T1/fi4/m/it/10 ThreeMapComparison,Model,ANY,ANY-method 

Overfull \hbox (115.8567pt too wide) in paragraph at lines 267--269
[]\T1/fi4/m/it/10 ThreeMapComparison,RasterLayer,RasterLayer,RasterLayer-method
 
[53]) (./Rd2.aux)

Package rerunfilecheck Warning: File `Rd2.out' has changed.
(rerunfilecheck)                Rerun to get outlines right
(rerunfilecheck)                or use package `bookmark'.


LaTeX Font Warning: Some font shapes were not available, defaults substituted.

 )
(see the transcript file for additional information)pdfTeX warning (dest): name
{Rfn.aggregate} has been referenced but does not exist, replaced by a fixed one


pdfTeX warning (dest): name{Rfn.resample} has been referenced but does not exis
t, replaced by a fixed one

pdfTeX warning (dest): name{Rfn.prediction.Rdash.class} has been referenced but
 does not exist, replaced by a fixed one

pdfTeX warning (dest): name{Rfn.Model\\unhbox\040\\voidb@x\040\\penalty\040\\@M
\040\\\040fitting} has been referenced but does not exist, replaced by a fixed 
one

pdfTeX warning (dest): name{Rfn.panel.xyplot} has been referenced but does not 
exist, replaced by a fixed one

pdfTeX warning (dest): name{Rfn.xyplot} has been referenced but does not exist,
 replaced by a fixed one

pdfTeX warning (dest): name{Rfn.levelplot} has been referenced but does not exi
st, replaced by a fixed one

pdfTeX warning (dest): name{Rfn.performance.Rdash.class} has been referenced bu
t does not exist, replaced by a fixed one

pdfTeX warning (dest): name{Rfn.createDataPartition} has been referenced but do
es not exist, replaced by a fixed one

pdfTeX warning (dest): name{Rfn.Raster.Rdash.class} has been referenced but doe
s not exist, replaced by a fixed one

pdfTeX warning (dest): name{Rfn.focal} has been referenced but does not exist, 
replaced by a fixed one

pdfTeX warning (dest): name{Rfn.randomForest} has been referenced but does not 
exist, replaced by a fixed one

pdfTeX warning (dest): name{Rfn.rpart} has been referenced but does not exist, 
replaced by a fixed one

pdfTeX warning (dest): name{Rfn.glm} has been referenced but does not exist, re
placed by a fixed one

pdfTeX warning (dest): name{Rfn.stack} has been referenced but does not exist, 
replaced by a fixed one

pdfTeX warning (dest): name{Rfn.raster} has been referenced but does not exist,
 replaced by a fixed one

pdfTeX warning (dest): name{Rfn.crosstab} has been referenced but does not exis
t, replaced by a fixed one

pdfTeX warning (dest): name{Rfn.prediction} has been referenced but does not ex
ist, replaced by a fixed one

pdfTeX warning (dest): name{Rfn.as.data.frame} has been referenced but does not
 exist, replaced by a fixed one

pdfTeX warning (dest): name{Rfn.layerize} has been referenced but does not exis
t, replaced by a fixed one

pdfTeX warning (dest): name{Rfn.extract} has been referenced but does not exist
, replaced by a fixed one

pdfTeX warning (dest): name{Rfn.approxExtrap} has been referenced but does not 
exist, replaced by a fixed one

{/usr/share/texlive/texmf-dist/fonts/enc/dvips/base/8r.enc}{/usr/share/texlive/
texmf-dist/fonts/enc/dvips/inconsolata/fi4-ec.enc}</usr/share/texlive/texmf-dis
t/fonts/type1/public/inconsolata/Inconsolata.pfb></usr/share/texlive/texmf-dist
/fonts/type1/public/amsfonts/cm/cmsy10.pfb></usr/share/texlive/texmf-dist/fonts
/type1/urw/helvetic/uhvr8a.pfb></usr/share/texlive/texmf-dist/fonts/type1/urw/t
imes/utmb8a.pfb></usr/share/texlive/texmf-dist/fonts/type1/urw/times/utmr8a.pfb
></usr/share/texlive/texmf-dist/fonts/type1/urw/times/utmr8a.pfb></usr/share/te
xlive/texmf-dist/fonts/type1/urw/times/utmri8a.pfb>
Output written on Rd2.pdf (53 pages, 189839 bytes).
Transcript written on Rd2.log.
This is makeindex, version 2.15 [TeX Live 2013] (kpathsea + Thai support).
Scanning input file Rd2.idx....done (228 entries accepted, 31 rejected).
Sorting entries.....done (1966 comparisons).
Generating output file Rd2.ind....done (276 lines written, 1 warning).
Output written in Rd2.ind.
Transcript written in Rd2.ilg.
This is pdfTeX, Version 3.1415926-2.5-1.40.14 (TeX Live 2013)
 restricted \write18 enabled.
entering extended mode
LaTeX2e <2011/06/27>
Babel <3.9f> and hyphenation patterns for 2 languages loaded.
(./Rd2.tex
(/usr/share/texlive/texmf-dist/tex/latex/base/book.cls
Document Class: book 2007/10/19 v1.4h Standard LaTeX document class
(/usr/share/texlive/texmf-dist/tex/latex/base/bk10.clo))
(/home/simon/Downloads/R-devel/share/texmf/tex/latex/Rd.sty
(/usr/share/texlive/texmf-dist/tex/latex/base/ifthen.sty)
(/usr/share/texlive/texmf-dist/tex/latex/tools/longtable.sty)
(/usr/share/texlive/texmf-dist/tex/latex/tools/bm.sty)
(/usr/share/texlive/texmf-dist/tex/latex/base/alltt.sty)
(/usr/share/texlive/texmf-dist/tex/latex/tools/verbatim.sty)
(/usr/share/texlive/texmf-dist/tex/latex/url/url.sty)
(/usr/share/texlive/texmf-dist/tex/latex/base/textcomp.sty
(/usr/share/texlive/texmf-dist/tex/latex/base/ts1enc.def))
(/usr/share/texlive/texmf-dist/tex/latex/base/fontenc.sty
(/usr/share/texlive/texmf-dist/tex/latex/base/t1enc.def))
(/usr/share/texlive/texmf-dist/tex/latex/psnfss/times.sty)
(/usr/share/texlive/texmf-dist/tex/latex/inconsolata/inconsolata.sty
(/usr/share/texlive/texmf-dist/tex/latex/graphics/keyval.sty))
(/usr/share/texlive/texmf-dist/tex/latex/graphics/color.sty
(/usr/share/texlive/texmf-dist/tex/latex/latexconfig/color.cfg)
(/usr/share/texlive/texmf-dist/tex/latex/pdftex-def/pdftex.def
(/usr/share/texlive/texmf-dist/tex/generic/oberdiek/infwarerr.sty)
(/usr/share/texlive/texmf-dist/tex/generic/oberdiek/ltxcmds.sty)))
(/usr/share/texlive/texmf-dist/tex/latex/hyperref/hyperref.sty
(/usr/share/texlive/texmf-dist/tex/generic/oberdiek/hobsub-hyperref.sty
(/usr/share/texlive/texmf-dist/tex/generic/oberdiek/hobsub-generic.sty))
(/usr/share/texlive/texmf-dist/tex/generic/ifxetex/ifxetex.sty)
(/usr/share/texlive/texmf-dist/tex/latex/oberdiek/auxhook.sty)
(/usr/share/texlive/texmf-dist/tex/latex/oberdiek/kvoptions.sty)
(/usr/share/texlive/texmf-dist/tex/latex/hyperref/pd1enc.def)
(/usr/share/texlive/texmf-dist/tex/latex/latexconfig/hyperref.cfg))

Package hyperref Message: Driver (autodetected): hpdftex.

(/usr/share/texlive/texmf-dist/tex/latex/hyperref/hpdftex.def
(/usr/share/texlive/texmf-dist/tex/latex/oberdiek/rerunfilecheck.sty))

Package hyperref Warning: Option `hyperindex' has already been used,
(hyperref)                setting the option has no effect on input line 366.


Package hyperref Warning: Option `pagebackref' has already been used,
(hyperref)                setting the option has no effect on input line 366.

) (/usr/share/texlive/texmf-dist/tex/latex/base/makeidx.sty)
(/usr/share/texlive/texmf-dist/tex/latex/base/inputenc.sty
(/usr/share/texlive/texmf-dist/tex/latex/base/utf8.def
(/usr/share/texlive/texmf-dist/tex/latex/base/t1enc.dfu)
(/usr/share/texlive/texmf-dist/tex/latex/base/ot1enc.dfu)
(/usr/share/texlive/texmf-dist/tex/latex/base/omsenc.dfu)
(/usr/share/texlive/texmf-dist/tex/latex/base/ts1enc.dfu))
(/usr/share/texlive/texmf-dist/tex/latex/base/latin1.def))
Writing index file Rd2.idx
(./Rd2.aux) (/usr/share/texlive/texmf-dist/tex/latex/base/ts1cmr.fd)
(/usr/share/texlive/texmf-dist/tex/latex/psnfss/t1ptm.fd)
(/usr/share/texlive/texmf-dist/tex/context/base/supp-pdf.mkii
[Loading MPS to PDF converter (version 2006.09.02).]
) (/usr/share/texlive/texmf-dist/tex/latex/hyperref/nameref.sty
(/usr/share/texlive/texmf-dist/tex/generic/oberdiek/gettitlestring.sty))
(./Rd2.out) (./Rd2.out)
(/usr/share/texlive/texmf-dist/tex/latex/inconsolata/t1fi4.fd)
(/usr/share/texlive/texmf-dist/tex/latex/psnfss/ts1ptm.fd)
(/usr/share/texlive/texmf-dist/tex/latex/psnfss/t1phv.fd) (./Rd2.toc [1{/usr/sh
are/texlive/texmf-dist/fonts/map/pdftex/updmap/pdftex.map}])
(/usr/share/texlive/texmf-dist/tex/latex/base/utf8.def) [2] [3] [4]
Underfull \vbox (badness 10000) has occurred while \output is active [5]
(/usr/share/texlive/texmf-dist/tex/latex/base/utf8.def)
(/usr/share/texlive/texmf-dist/tex/latex/inconsolata/ts1fi4.fd) [6]
(/usr/share/texlive/texmf-dist/tex/latex/base/utf8.def) [7]
(/usr/share/texlive/texmf-dist/tex/latex/base/utf8.def) [8]
(/usr/share/texlive/texmf-dist/tex/latex/base/utf8.def) [9]
(/usr/share/texlive/texmf-dist/tex/latex/base/utf8.def) [10] [11]
(/usr/share/texlive/texmf-dist/tex/latex/base/utf8.def) [12]
(/usr/share/texlive/texmf-dist/tex/latex/base/utf8.def) [13]
(/usr/share/texlive/texmf-dist/tex/latex/base/utf8.def) [14]
(/usr/share/texlive/texmf-dist/tex/latex/base/utf8.def) [15]
(/usr/share/texlive/texmf-dist/tex/latex/base/utf8.def) [16]
(/usr/share/texlive/texmf-dist/tex/latex/base/utf8.def) [17]
(/usr/share/texlive/texmf-dist/tex/latex/base/utf8.def)
Overfull \hbox (29.46725pt too wide) in paragraph at lines 1057--1062
[]\T1/ptm/m/n/10 The user can com-pare the per-for-mance of dif-fer-ent sta-tis
-ti-cal mod-els by pro-vid-ing a list of \T1/fi4/m/n/10 PredictionList
[18] (/usr/share/texlive/texmf-dist/tex/latex/base/utf8.def) [19]
(/usr/share/texlive/texmf-dist/tex/latex/base/utf8.def) [20]
(/usr/share/texlive/texmf-dist/tex/latex/base/utf8.def) [21]
(/usr/share/texlive/texmf-dist/tex/latex/base/utf8.def)
Overfull \hbox (23.18791pt too wide) in paragraph at lines 1281--1284
[]\T1/fi4/m/n/10 object[[i]] \T1/ptm/m/n/10 can be used to ex-tract in-di-vid-u
al ob-jects from con-tainer classes such as \T1/fi4/m/n/10 ExpVarRasterList\T1/
ptm/m/n/10 ,
(/usr/share/texlive/texmf-dist/tex/latex/base/utf8.def) [22]
(/usr/share/texlive/texmf-dist/tex/latex/base/utf8.def) [23]
(/usr/share/texlive/texmf-dist/tex/latex/base/utf8.def)
(/usr/share/texlive/texmf-dist/tex/latex/base/utf8.def) [24]
(/usr/share/texlive/texmf-dist/tex/latex/base/utf8.def)
(/usr/share/texlive/texmf-dist/tex/latex/base/utf8.def) [25] [26]
(/usr/share/texlive/texmf-dist/tex/latex/base/utf8.def)
(/usr/share/texlive/texmf-dist/tex/latex/base/utf8.def) [27] [28]
(/usr/share/texlive/texmf-dist/tex/latex/base/utf8.def)
(/usr/share/texlive/texmf-dist/tex/latex/base/utf8.def) [29] [30]
(/usr/share/texlive/texmf-dist/tex/latex/base/utf8.def)
(/usr/share/texlive/texmf-dist/tex/latex/base/utf8.def) [31] [32]
(/usr/share/texlive/texmf-dist/tex/latex/base/utf8.def)
(/usr/share/texlive/texmf-dist/tex/latex/base/utf8.def) [33]
(/usr/share/texlive/texmf-dist/tex/latex/base/utf8.def)
(/usr/share/texlive/texmf-dist/tex/latex/base/utf8.def) [34]
(/usr/share/texlive/texmf-dist/tex/latex/base/utf8.def) [35]
(/usr/share/texlive/texmf-dist/tex/latex/base/utf8.def) [36]
(/usr/share/texlive/texmf-dist/tex/latex/base/utf8.def) [37]
(/usr/share/texlive/texmf-dist/tex/latex/base/utf8.def) [38]
(/usr/share/texlive/texmf-dist/tex/latex/base/utf8.def) [39]
Overfull \hbox (14.16737pt too wide) in paragraph at lines 2466--2468
[]\T1/ptm/m/n/10 logical in-di-cat-ing whether the func-tion should re-turn a m
a-trix (de-fault) or data.frame 
[40]
Overfull \hbox (23.28088pt too wide) in paragraph at lines 2509--2509
 []\T1/fi4/m/n/9 forms <- list(Forest ~ ef_001+ef_002+ef_003+ef_004+ef_005+ef_0
06+ef_007+ef_008+ef_010+ef_012,[] 

Overfull \hbox (41.28088pt too wide) in paragraph at lines 2511--2511
 []              \T1/fi4/m/n/9 Grass~ef_001+ef_002+ef_004+ef_005+ef_007+ef_008+
ef_009+ef_010+ef_011+ef_012+ef_013,[] 
(/usr/share/texlive/texmf-dist/tex/latex/base/utf8.def)
Overfull \hbox (17.11859pt too wide) in paragraph at lines 2535--2540
[]\T1/ptm/m/n/10 This func-tion cre-ates a \T1/fi4/m/n/10 ROCR::[][]prediction[
][][] \T1/ptm/m/n/10 ob-ject for each pre-dic-tive model in a \T1/fi4/m/n/10 Pr
edictiveModelList
[41] (/usr/share/texlive/texmf-dist/tex/latex/base/utf8.def)
(/usr/share/texlive/texmf-dist/tex/latex/base/utf8.def)
(/usr/share/texlive/texmf-dist/tex/latex/base/utf8.def) [42] [43]
(/usr/share/texlive/texmf-dist/tex/latex/base/utf8.def)
(/usr/share/texlive/texmf-dist/tex/latex/base/utf8.def) [44]
(/usr/share/texlive/texmf-dist/tex/latex/base/utf8.def) [45]
(/usr/share/texlive/texmf-dist/tex/latex/base/utf8.def)
Overfull \hbox (11.85826pt too wide) in paragraph at lines 2861--2864
[]\T1/ptm/m/n/10 Extract a sub-set of ob-jects from con-tainer classes such as 
\T1/fi4/m/n/10 ExpVarRasterList\T1/ptm/m/n/10 , \T1/fi4/m/n/10 PredictiveModelL
ist\T1/ptm/m/n/10 ,
[46]
Overfull \hbox (5.34013pt too wide) in paragraph at lines 2884--2886
[]\T1/ptm/m/n/10 an ob-ject of class \T1/fi4/m/n/10 ExpVarRasterList\T1/ptm/m/n
/10 , \T1/fi4/m/n/10 PredictiveModelList\T1/ptm/m/n/10 , \T1/fi4/m/n/10 Predict
ionList
(/usr/share/texlive/texmf-dist/tex/latex/base/utf8.def) [47]
(/usr/share/texlive/texmf-dist/tex/latex/base/utf8.def) [48]
(/usr/share/texlive/texmf-dist/tex/latex/base/utf8.def) [49]
(/usr/share/texlive/texmf-dist/tex/latex/base/utf8.def) (./Rd2.ind [50]

LaTeX Font Warning: Font shape `T1/fi4/m/it' undefined
(Font)              using `T1/fi4/m/n' instead on input line 6.


Overfull \hbox (15.8567pt too wide) in paragraph at lines 19--21
[]\T1/fi4/m/it/10 AgreementBudget,ThreeMapComparison-method 

Overfull \hbox (10.01662pt too wide) in paragraph at lines 38--40
\T1/ptm/m/it/10 (\T1/fi4/m/it/10 as.data.frame.ExpVarRasterList\T1/ptm/m/it/10 
)\T1/ptm/m/n/10 , 

Overfull \hbox (5.8567pt too wide) in paragraph at lines 40--42
[]\T1/fi4/m/it/10 as.data.frame,ObsLulcRasterStack-method 

Overfull \hbox (10.01662pt too wide) in paragraph at lines 40--42
\T1/ptm/m/it/10 (\T1/fi4/m/it/10 as.data.frame.ExpVarRasterList\T1/ptm/m/it/10 
)\T1/ptm/m/n/10 , 

Overfull \hbox (10.01662pt too wide) in paragraph at lines 43--45
\T1/ptm/m/it/10 (\T1/fi4/m/it/10 as.data.frame.ExpVarRasterList\T1/ptm/m/it/10 
)\T1/ptm/m/n/10 , 

Overfull \hbox (175.8567pt too wide) in paragraph at lines 52--54
[]\T1/fi4/m/it/10 CluesModel,ObsLulcRasterStack,ExpVarRasterList,PredictiveMode
lList-method 

Overfull \hbox (25.8567pt too wide) in paragraph at lines 63--65
[]\T1/fi4/m/it/10 crossTabulate,ObsLulcRasterStack,ANY-method 

Overfull \hbox (30.8567pt too wide) in paragraph at lines 65--67
[]\T1/fi4/m/it/10 crossTabulate,RasterLayer,RasterLayer-method 

Overfull \hbox (25.8567pt too wide) in paragraph at lines 73--75
[]\T1/fi4/m/it/10 ExpVarRasterList,character,character-method 

Overfull \hbox (0.8567pt too wide) in paragraph at lines 77--79
[]\T1/fi4/m/it/10 ExpVarRasterList,list,character-method 

Overfull \hbox (15.8567pt too wide) in paragraph at lines 81--83
[]\T1/fi4/m/it/10 ExpVarRasterList,missing,character-method 

Overfull \hbox (35.8567pt too wide) in paragraph at lines 85--87
[]\T1/fi4/m/it/10 ExpVarRasterList,RasterStack,character-method 

Overfull \hbox (5.8567pt too wide) in paragraph at lines 101--103
[]\T1/fi4/m/it/10 FigureOfMerit,ThreeMapComparison-method 
[51]
Overfull \hbox (100.8567pt too wide) in paragraph at lines 128--130
[]\T1/fi4/m/it/10 NeighbRasterStack,RasterLayer,ANY,NeighbRasterStack-method 

Overfull \hbox (35.8567pt too wide) in paragraph at lines 130--132
[]\T1/fi4/m/it/10 NeighbRasterStack,RasterLayer,list,ANY-method 

Overfull \hbox (45.8567pt too wide) in paragraph at lines 132--134
[]\T1/fi4/m/it/10 NeighbRasterStack,RasterLayer,matrix,ANY-method 

Overfull \hbox (35.8567pt too wide) in paragraph at lines 142--144
[]\T1/fi4/m/it/10 ObsLulcRasterStack,character,character-method 

Overfull \hbox (10.8567pt too wide) in paragraph at lines 144--146
[]\T1/fi4/m/it/10 ObsLulcRasterStack,list,character-method 

Overfull \hbox (25.8567pt too wide) in paragraph at lines 146--148
[]\T1/fi4/m/it/10 ObsLulcRasterStack,missing,character-method 

Overfull \hbox (15.8567pt too wide) in paragraph at lines 148--150
[]\T1/fi4/m/it/10 ObsLulcRasterStack,RasterLayer,ANY-method 

Overfull \hbox (15.8567pt too wide) in paragraph at lines 150--152
[]\T1/fi4/m/it/10 ObsLulcRasterStack,RasterStack,ANY-method 

Overfull \hbox (185.8567pt too wide) in paragraph at lines 155--157
[]\T1/fi4/m/it/10 OrderedModel,ObsLulcRasterStack,ExpVarRasterList,PredictiveMo
delList-method 

Overfull \hbox (8.3567pt too wide) in paragraph at lines 217--219
[]\T1/fi4/m/it/10 resample,ExpVarRasterList,Raster-method\T1/ptm/m/n/10 , 

Overfull \hbox (55.01662pt too wide) in paragraph at lines 219--221
\T1/ptm/m/it/10 (\T1/fi4/m/it/10 resample,ExpVarRasterList,Raster-method\T1/ptm
/m/it/10 )\T1/ptm/m/n/10 , 

Overfull \hbox (10.01662pt too wide) in paragraph at lines 243--245
\T1/ptm/m/it/10 (\T1/fi4/m/it/10 subset,ExpVarRasterList-method\T1/ptm/m/it/10 
)\T1/ptm/m/n/10 , 

Overfull \hbox (10.01662pt too wide) in paragraph at lines 245--247
\T1/ptm/m/it/10 (\T1/fi4/m/it/10 subset,ExpVarRasterList-method\T1/ptm/m/it/10 
)\T1/ptm/m/n/10 , 

Overfull \hbox (10.01662pt too wide) in paragraph at lines 247--249
\T1/ptm/m/it/10 (\T1/fi4/m/it/10 subset,ExpVarRasterList-method\T1/ptm/m/it/10 
)\T1/ptm/m/n/10 , 
[52]
Overfull \hbox (5.8567pt too wide) in paragraph at lines 265--267
[]\T1/fi4/m/it/10 ThreeMapComparison,Model,ANY,ANY-method 

Overfull \hbox (115.8567pt too wide) in paragraph at lines 267--269
[]\T1/fi4/m/it/10 ThreeMapComparison,RasterLayer,RasterLayer,RasterLayer-method
 
[53]) (./Rd2.aux)

LaTeX Font Warning: Some font shapes were not available, defaults substituted.

 )
(see the transcript file for additional information)pdfTeX warning (dest): name
{Rfn.aggregate} has been referenced but does not exist, replaced by a fixed one


pdfTeX warning (dest): name{Rfn.resample} has been referenced but does not exis
t, replaced by a fixed one

pdfTeX warning (dest): name{Rfn.prediction.Rdash.class} has been referenced but
 does not exist, replaced by a fixed one

pdfTeX warning (dest): name{Rfn.Model\\unhbox\040\\voidb@x\040\\penalty\040\\@M
\040\\\040fitting} has been referenced but does not exist, replaced by a fixed 
one

pdfTeX warning (dest): name{Rfn.panel.xyplot} has been referenced but does not 
exist, replaced by a fixed one

pdfTeX warning (dest): name{Rfn.xyplot} has been referenced but does not exist,
 replaced by a fixed one

pdfTeX warning (dest): name{Rfn.levelplot} has been referenced but does not exi
st, replaced by a fixed one

pdfTeX warning (dest): name{Rfn.performance.Rdash.class} has been referenced bu
t does not exist, replaced by a fixed one

pdfTeX warning (dest): name{Rfn.createDataPartition} has been referenced but do
es not exist, replaced by a fixed one

pdfTeX warning (dest): name{Rfn.Raster.Rdash.class} has been referenced but doe
s not exist, replaced by a fixed one

pdfTeX warning (dest): name{Rfn.focal} has been referenced but does not exist, 
replaced by a fixed one

pdfTeX warning (dest): name{Rfn.randomForest} has been referenced but does not 
exist, replaced by a fixed one

pdfTeX warning (dest): name{Rfn.rpart} has been referenced but does not exist, 
replaced by a fixed one

pdfTeX warning (dest): name{Rfn.glm} has been referenced but does not exist, re
placed by a fixed one

pdfTeX warning (dest): name{Rfn.stack} has been referenced but does not exist, 
replaced by a fixed one

pdfTeX warning (dest): name{Rfn.raster} has been referenced but does not exist,
 replaced by a fixed one

pdfTeX warning (dest): name{Rfn.crosstab} has been referenced but does not exis
t, replaced by a fixed one

pdfTeX warning (dest): name{Rfn.prediction} has been referenced but does not ex
ist, replaced by a fixed one

pdfTeX warning (dest): name{Rfn.as.data.frame} has been referenced but does not
 exist, replaced by a fixed one

pdfTeX warning (dest): name{Rfn.layerize} has been referenced but does not exis
t, replaced by a fixed one

pdfTeX warning (dest): name{Rfn.extract} has been referenced but does not exist
, replaced by a fixed one

pdfTeX warning (dest): name{Rfn.approxExtrap} has been referenced but does not 
exist, replaced by a fixed one

{/usr/share/texlive/texmf-dist/fonts/enc/dvips/base/8r.enc}{/usr/share/texlive/
texmf-dist/fonts/enc/dvips/inconsolata/fi4-ec.enc}</usr/share/texlive/texmf-dis
t/fonts/type1/public/inconsolata/Inconsolata.pfb></usr/share/texlive/texmf-dist
/fonts/type1/public/amsfonts/cm/cmsy10.pfb></usr/share/texlive/texmf-dist/fonts
/type1/urw/helvetic/uhvr8a.pfb></usr/share/texlive/texmf-dist/fonts/type1/urw/t
imes/utmb8a.pfb></usr/share/texlive/texmf-dist/fonts/type1/urw/times/utmr8a.pfb
></usr/share/texlive/texmf-dist/fonts/type1/urw/times/utmr8a.pfb></usr/share/te
xlive/texmf-dist/fonts/type1/urw/times/utmri8a.pfb>
Output written on Rd2.pdf (53 pages, 189839 bytes).
Transcript written on Rd2.log.
Saving output to 'lulcc-manual.pdf' ...
Done
You may want to clean up by 'rm -rf /tmp/Rtmp882D6S/Rd2pdf2de44f4c3743'
