Hmm ... looks like a package

This is pdfTeX, Version 3.1415926-2.5-1.40.14 (TeX Live 2013)
 restricted \write18 enabled.
entering extended mode
LaTeX2e <2011/06/27>
Babel <3.9f> and hyphenation patterns for 2 languages loaded.
(./Rd2.tex
(/usr/share/texlive/texmf-dist/tex/latex/base/book.cls
Document Class: book 2007/10/19 v1.4h Standard LaTeX document class
(/usr/share/texlive/texmf-dist/tex/latex/base/bk10.clo))
(/usr/local/lib64/R/share/texmf/tex/latex/Rd.sty
(/usr/share/texlive/texmf-dist/tex/latex/base/ifthen.sty)
(/usr/share/texlive/texmf-dist/tex/latex/tools/longtable.sty)
(/usr/share/texlive/texmf-dist/tex/latex/tools/bm.sty)
(/usr/share/texlive/texmf-dist/tex/latex/base/alltt.sty)
(/usr/share/texlive/texmf-dist/tex/latex/tools/verbatim.sty)
(/usr/share/texlive/texmf-dist/tex/latex/url/url.sty)
(/usr/share/texlive/texmf-dist/tex/latex/base/textcomp.sty
(/usr/share/texlive/texmf-dist/tex/latex/base/ts1enc.def))
(/usr/share/texlive/texmf-dist/tex/latex/base/fontenc.sty
(/usr/share/texlive/texmf-dist/tex/latex/base/t1enc.def))
(/usr/share/texlive/texmf-dist/tex/latex/psnfss/times.sty)
(/usr/share/texlive/texmf-dist/tex/latex/inconsolata/inconsolata.sty
(/usr/share/texlive/texmf-dist/tex/latex/graphics/keyval.sty))
(/usr/share/texlive/texmf-dist/tex/latex/graphics/color.sty
(/usr/share/texlive/texmf-dist/tex/latex/latexconfig/color.cfg)
(/usr/share/texlive/texmf-dist/tex/latex/pdftex-def/pdftex.def
(/usr/share/texlive/texmf-dist/tex/generic/oberdiek/infwarerr.sty)
(/usr/share/texlive/texmf-dist/tex/generic/oberdiek/ltxcmds.sty)))
(/usr/share/texlive/texmf-dist/tex/latex/hyperref/hyperref.sty
(/usr/share/texlive/texmf-dist/tex/generic/oberdiek/hobsub-hyperref.sty
(/usr/share/texlive/texmf-dist/tex/generic/oberdiek/hobsub-generic.sty))
(/usr/share/texlive/texmf-dist/tex/generic/ifxetex/ifxetex.sty)
(/usr/share/texlive/texmf-dist/tex/latex/oberdiek/auxhook.sty)
(/usr/share/texlive/texmf-dist/tex/latex/oberdiek/kvoptions.sty)
(/usr/share/texlive/texmf-dist/tex/latex/hyperref/pd1enc.def)
(/usr/share/texlive/texmf-dist/tex/latex/latexconfig/hyperref.cfg))

Package hyperref Message: Driver (autodetected): hpdftex.

(/usr/share/texlive/texmf-dist/tex/latex/hyperref/hpdftex.def
(/usr/share/texlive/texmf-dist/tex/latex/oberdiek/rerunfilecheck.sty))

Package hyperref Warning: Option `hyperindex' has already been used,
(hyperref)                setting the option has no effect on input line 361.


Package hyperref Warning: Option `pagebackref' has already been used,
(hyperref)                setting the option has no effect on input line 361.

) (/usr/share/texlive/texmf-dist/tex/latex/base/makeidx.sty)
(/usr/share/texlive/texmf-dist/tex/latex/base/inputenc.sty
(/usr/share/texlive/texmf-dist/tex/latex/base/utf8.def
(/usr/share/texlive/texmf-dist/tex/latex/base/t1enc.dfu)
(/usr/share/texlive/texmf-dist/tex/latex/base/ot1enc.dfu)
(/usr/share/texlive/texmf-dist/tex/latex/base/omsenc.dfu)
(/usr/share/texlive/texmf-dist/tex/latex/base/ts1enc.dfu))
(/usr/share/texlive/texmf-dist/tex/latex/base/latin1.def))
Writing index file Rd2.idx
No file Rd2.aux.
(/usr/share/texlive/texmf-dist/tex/latex/base/ts1cmr.fd)
(/usr/share/texlive/texmf-dist/tex/latex/psnfss/t1ptm.fd)
(/usr/share/texlive/texmf-dist/tex/context/base/supp-pdf.mkii
[Loading MPS to PDF converter (version 2006.09.02).]
) (/usr/share/texlive/texmf-dist/tex/latex/hyperref/nameref.sty
(/usr/share/texlive/texmf-dist/tex/generic/oberdiek/gettitlestring.sty))
(/usr/share/texlive/texmf-dist/tex/latex/inconsolata/t1fi4.fd)
(/usr/share/texlive/texmf-dist/tex/latex/psnfss/ts1ptm.fd)
(/usr/share/texlive/texmf-dist/tex/latex/psnfss/t1phv.fd)
(/usr/share/texlive/texmf-dist/tex/latex/base/utf8.def) [1{/usr/share/texlive/t
exmf-dist/fonts/map/pdftex/updmap/pdftex.map}]
(/usr/share/texlive/texmf-dist/tex/latex/base/utf8.def) [2]
(/usr/share/texlive/texmf-dist/tex/latex/base/utf8.def)
(/usr/share/texlive/texmf-dist/tex/latex/base/utf8.def)
(/usr/share/texlive/texmf-dist/tex/latex/inconsolata/ts1fi4.fd) [3]
(/usr/share/texlive/texmf-dist/tex/latex/base/utf8.def) [4]
(/usr/share/texlive/texmf-dist/tex/latex/base/utf8.def) [5] [6]
(/usr/share/texlive/texmf-dist/tex/latex/base/utf8.def) [7]
(/usr/share/texlive/texmf-dist/tex/latex/base/utf8.def) [8]
(/usr/share/texlive/texmf-dist/tex/latex/base/utf8.def)
(/usr/share/texlive/texmf-dist/tex/latex/base/utf8.def) [9]
(/usr/share/texlive/texmf-dist/tex/latex/base/utf8.def) [10]
Overfull \hbox (34.46725pt too wide) in paragraph at lines 631--636
[]\T1/ptm/m/n/10 The user can com-pare the per-for-mance of dif-fer-ent sta-tis
-ti-cal mod-els by pro-vid-ing a list of \T1/fi4/m/n/10 PredictionMulti
(/usr/share/texlive/texmf-dist/tex/latex/base/utf8.def) [11]
Overfull \hbox (15.48746pt too wide) in paragraph at lines 682--685
[]\T1/ptm/m/n/10 RasterLayer rep-re-sent-ing land use map from an ear-lier time
step or an Ob-servedMaps
[12] (/usr/share/texlive/texmf-dist/tex/latex/base/utf8.def) [13]
(/usr/share/texlive/texmf-dist/tex/latex/base/utf8.def)
(/usr/share/texlive/texmf-dist/tex/latex/base/utf8.def) [14]
(/usr/share/texlive/texmf-dist/tex/latex/base/utf8.def) [15] [16]
(/usr/share/texlive/texmf-dist/tex/latex/base/utf8.def)
(/usr/share/texlive/texmf-dist/tex/latex/base/utf8.def) [17] [18]
(/usr/share/texlive/texmf-dist/tex/latex/base/utf8.def) [19]
(/usr/share/texlive/texmf-dist/tex/latex/base/utf8.def)
Overfull \hbox (14.3481pt too wide) in paragraph at lines 1232--1236
\T1/ptm/m/n/10 (if \T1/fi4/m/n/10 x \T1/ptm/m/n/10 is a list) match-ing the reg
-u-lar ex-pres-sion will be re-turned. See \T1/fi4/m/n/10 raster::[][]raster[][
][]
[20] (/usr/share/texlive/texmf-dist/tex/latex/base/utf8.def)
(/usr/share/texlive/texmf-dist/tex/latex/base/utf8.def) [21]
(/usr/share/texlive/texmf-dist/tex/latex/base/utf8.def)
Overfull \hbox (8.86827pt too wide) in paragraph at lines 1371--1373
[]\T1/ptm/m/n/10 A wrap-per func-tion for \T1/fi4/m/n/10 ROCR::[][]performance[
][][] \T1/ptm/m/n/10 to cre-ate \T1/fi4/m/n/10 performance \T1/ptm/m/n/10 ob-je
cts from a list of \T1/fi4/m/n/10 prediction
[22] (/usr/share/texlive/texmf-dist/tex/latex/base/utf8.def) [23]
(/usr/share/texlive/texmf-dist/tex/latex/base/utf8.def)
Overfull \hbox (15.79823pt too wide) in paragraph at lines 1475--1479
[]\T1/ptm/m/n/10 list of \T1/fi4/m/n/10 performance \T1/ptm/m/n/10 ob-jects. Ea
ch ob-ject is cal-cu-lated for the cor-re-spond-ing \T1/fi4/m/n/10 prediction
[24] (/usr/share/texlive/texmf-dist/tex/latex/base/utf8.def) [25]
(/usr/share/texlive/texmf-dist/tex/latex/base/utf8.def)
(/usr/share/texlive/texmf-dist/tex/latex/base/utf8.def) [26]
(/usr/share/texlive/texmf-dist/tex/latex/base/utf8.def)
(/usr/share/texlive/texmf-dist/tex/latex/base/utf8.def) [27]
Overfull \hbox (14.3481pt too wide) in paragraph at lines 1699--1703
\T1/ptm/m/n/10 (if \T1/fi4/m/n/10 x \T1/ptm/m/n/10 is a list) match-ing the reg
-u-lar ex-pres-sion will be re-turned. See \T1/fi4/m/n/10 raster::[][]raster[][
][]
[28] (/usr/share/texlive/texmf-dist/tex/latex/base/utf8.def)
(/usr/share/texlive/texmf-dist/tex/latex/base/utf8.def) [29]
(/usr/share/texlive/texmf-dist/tex/latex/base/utf8.def) [30]
(/usr/share/texlive/texmf-dist/tex/latex/base/utf8.def)
(/usr/share/texlive/texmf-dist/tex/latex/base/utf8.def) [31]
(/usr/share/texlive/texmf-dist/tex/latex/base/utf8.def) [32]
(/usr/share/texlive/texmf-dist/tex/latex/base/utf8.def)
Overfull \hbox (59.41827pt too wide) in paragraph at lines 2021--2024
[]\T1/ptm/m/n/10 numeric vec-tor of ag-gre-ga-tion fac-tors (equiv-a-lent to th
e 'fact' ar-gu-ment to \T1/fi4/m/n/10 raster::[][]aggregate[][][]
[33] (/usr/share/texlive/texmf-dist/tex/latex/base/utf8.def)
(/usr/share/texlive/texmf-dist/tex/latex/base/utf8.def) [34]
No file Rd2.ind.
[35] (./Rd2.aux)

Package rerunfilecheck Warning: File `Rd2.out' has changed.
(rerunfilecheck)                Rerun to get outlines right
(rerunfilecheck)                or use package `bookmark'.

 )
(see the transcript file for additional information)pdfTeX warning (dest): name
{Rfn.aggregate} has been referenced but does not exist, replaced by a fixed one


pdfTeX warning (dest): name{Rfn.prediction.Rdash.class} has been referenced but
 does not exist, replaced by a fixed one

pdfTeX warning (dest): name{Rfn.panel.xyplot} has been referenced but does not 
exist, replaced by a fixed one

pdfTeX warning (dest): name{Rfn.performance.Rdash.class} has been referenced bu
t does not exist, replaced by a fixed one

pdfTeX warning (dest): name{Rfn.stack} has been referenced but does not exist, 
replaced by a fixed one

pdfTeX warning (dest): name{Rfn.raster} has been referenced but does not exist,
 replaced by a fixed one

pdfTeX warning (dest): name{Rfn.focal} has been referenced but does not exist, 
replaced by a fixed one

pdfTeX warning (dest): name{Rfn.crosstab} has been referenced but does not exis
t, replaced by a fixed one

pdfTeX warning (dest): name{Rfn.prediction} has been referenced but does not ex
ist, replaced by a fixed one

pdfTeX warning (dest): name{Rfn.predict} has been referenced but does not exist
, replaced by a fixed one

pdfTeX warning (dest): name{Rfn.randomForest} has been referenced but does not 
exist, replaced by a fixed one

pdfTeX warning (dest): name{Rfn.rpart} has been referenced but does not exist, 
replaced by a fixed one

pdfTeX warning (dest): name{Rfn.approxExtrap} has been referenced but does not 
exist, replaced by a fixed one

pdfTeX warning (dest): name{Rfn.xyplot} has been referenced but does not exist,
 replaced by a fixed one

{/usr/share/texlive/texmf-dist/fonts/enc/dvips/base/8r.enc}{/usr/share/texlive/
texmf-dist/fonts/enc/dvips/inconsolata/fi4-ec.enc}</usr/share/texlive/texmf-dis
t/fonts/type1/public/inconsolata/Inconsolata.pfb></usr/share/texlive/texmf-dist
/fonts/type1/urw/helvetic/uhvr8a.pfb></usr/share/texlive/texmf-dist/fonts/type1
/urw/times/utmb8a.pfb></usr/share/texlive/texmf-dist/fonts/type1/urw/times/utmr
8a.pfb></usr/share/texlive/texmf-dist/fonts/type1/urw/times/utmr8a.pfb></usr/sh
are/texlive/texmf-dist/fonts/type1/urw/times/utmri8a.pfb>
Output written on Rd2.pdf (35 pages, 138252 bytes).
Transcript written on Rd2.log.
This is makeindex, version 2.15 [TeX Live 2013] (kpathsea + Thai support).
Scanning input file Rd2.idx....done (164 entries accepted, 3 rejected).
Sorting entries....done (1322 comparisons).
Generating output file Rd2.ind....done (209 lines written, 4 warnings).
Output written in Rd2.ind.
Transcript written in Rd2.ilg.
This is pdfTeX, Version 3.1415926-2.5-1.40.14 (TeX Live 2013)
 restricted \write18 enabled.
entering extended mode
LaTeX2e <2011/06/27>
Babel <3.9f> and hyphenation patterns for 2 languages loaded.
(./Rd2.tex
(/usr/share/texlive/texmf-dist/tex/latex/base/book.cls
Document Class: book 2007/10/19 v1.4h Standard LaTeX document class
(/usr/share/texlive/texmf-dist/tex/latex/base/bk10.clo))
(/usr/local/lib64/R/share/texmf/tex/latex/Rd.sty
(/usr/share/texlive/texmf-dist/tex/latex/base/ifthen.sty)
(/usr/share/texlive/texmf-dist/tex/latex/tools/longtable.sty)
(/usr/share/texlive/texmf-dist/tex/latex/tools/bm.sty)
(/usr/share/texlive/texmf-dist/tex/latex/base/alltt.sty)
(/usr/share/texlive/texmf-dist/tex/latex/tools/verbatim.sty)
(/usr/share/texlive/texmf-dist/tex/latex/url/url.sty)
(/usr/share/texlive/texmf-dist/tex/latex/base/textcomp.sty
(/usr/share/texlive/texmf-dist/tex/latex/base/ts1enc.def))
(/usr/share/texlive/texmf-dist/tex/latex/base/fontenc.sty
(/usr/share/texlive/texmf-dist/tex/latex/base/t1enc.def))
(/usr/share/texlive/texmf-dist/tex/latex/psnfss/times.sty)
(/usr/share/texlive/texmf-dist/tex/latex/inconsolata/inconsolata.sty
(/usr/share/texlive/texmf-dist/tex/latex/graphics/keyval.sty))
(/usr/share/texlive/texmf-dist/tex/latex/graphics/color.sty
(/usr/share/texlive/texmf-dist/tex/latex/latexconfig/color.cfg)
(/usr/share/texlive/texmf-dist/tex/latex/pdftex-def/pdftex.def
(/usr/share/texlive/texmf-dist/tex/generic/oberdiek/infwarerr.sty)
(/usr/share/texlive/texmf-dist/tex/generic/oberdiek/ltxcmds.sty)))
(/usr/share/texlive/texmf-dist/tex/latex/hyperref/hyperref.sty
(/usr/share/texlive/texmf-dist/tex/generic/oberdiek/hobsub-hyperref.sty
(/usr/share/texlive/texmf-dist/tex/generic/oberdiek/hobsub-generic.sty))
(/usr/share/texlive/texmf-dist/tex/generic/ifxetex/ifxetex.sty)
(/usr/share/texlive/texmf-dist/tex/latex/oberdiek/auxhook.sty)
(/usr/share/texlive/texmf-dist/tex/latex/oberdiek/kvoptions.sty)
(/usr/share/texlive/texmf-dist/tex/latex/hyperref/pd1enc.def)
(/usr/share/texlive/texmf-dist/tex/latex/latexconfig/hyperref.cfg))

Package hyperref Message: Driver (autodetected): hpdftex.

(/usr/share/texlive/texmf-dist/tex/latex/hyperref/hpdftex.def
(/usr/share/texlive/texmf-dist/tex/latex/oberdiek/rerunfilecheck.sty))

Package hyperref Warning: Option `hyperindex' has already been used,
(hyperref)                setting the option has no effect on input line 361.


Package hyperref Warning: Option `pagebackref' has already been used,
(hyperref)                setting the option has no effect on input line 361.

) (/usr/share/texlive/texmf-dist/tex/latex/base/makeidx.sty)
(/usr/share/texlive/texmf-dist/tex/latex/base/inputenc.sty
(/usr/share/texlive/texmf-dist/tex/latex/base/utf8.def
(/usr/share/texlive/texmf-dist/tex/latex/base/t1enc.dfu)
(/usr/share/texlive/texmf-dist/tex/latex/base/ot1enc.dfu)
(/usr/share/texlive/texmf-dist/tex/latex/base/omsenc.dfu)
(/usr/share/texlive/texmf-dist/tex/latex/base/ts1enc.dfu))
(/usr/share/texlive/texmf-dist/tex/latex/base/latin1.def))
Writing index file Rd2.idx
(./Rd2.aux) (/usr/share/texlive/texmf-dist/tex/latex/base/ts1cmr.fd)
(/usr/share/texlive/texmf-dist/tex/latex/psnfss/t1ptm.fd)
(/usr/share/texlive/texmf-dist/tex/context/base/supp-pdf.mkii
[Loading MPS to PDF converter (version 2006.09.02).]
) (/usr/share/texlive/texmf-dist/tex/latex/hyperref/nameref.sty
(/usr/share/texlive/texmf-dist/tex/generic/oberdiek/gettitlestring.sty))
(./Rd2.out) (./Rd2.out)
(/usr/share/texlive/texmf-dist/tex/latex/inconsolata/t1fi4.fd)
(/usr/share/texlive/texmf-dist/tex/latex/psnfss/ts1ptm.fd)
(/usr/share/texlive/texmf-dist/tex/latex/psnfss/t1phv.fd) (./Rd2.toc [1{/usr/sh
are/texlive/texmf-dist/fonts/map/pdftex/updmap/pdftex.map}])
(/usr/share/texlive/texmf-dist/tex/latex/base/utf8.def)
(/usr/share/texlive/texmf-dist/tex/latex/base/utf8.def) [2]
(/usr/share/texlive/texmf-dist/tex/latex/base/utf8.def) [3]
(/usr/share/texlive/texmf-dist/tex/latex/base/utf8.def)
(/usr/share/texlive/texmf-dist/tex/latex/inconsolata/ts1fi4.fd) [4]
(/usr/share/texlive/texmf-dist/tex/latex/base/utf8.def) [5]
(/usr/share/texlive/texmf-dist/tex/latex/base/utf8.def) [6] [7]
(/usr/share/texlive/texmf-dist/tex/latex/base/utf8.def) [8]
(/usr/share/texlive/texmf-dist/tex/latex/base/utf8.def) [9]
(/usr/share/texlive/texmf-dist/tex/latex/base/utf8.def)
(/usr/share/texlive/texmf-dist/tex/latex/base/utf8.def) [10]
(/usr/share/texlive/texmf-dist/tex/latex/base/utf8.def) [11]
Overfull \hbox (34.46725pt too wide) in paragraph at lines 631--636
[]\T1/ptm/m/n/10 The user can com-pare the per-for-mance of dif-fer-ent sta-tis
-ti-cal mod-els by pro-vid-ing a list of \T1/fi4/m/n/10 PredictionMulti
(/usr/share/texlive/texmf-dist/tex/latex/base/utf8.def) [12]
Overfull \hbox (15.48746pt too wide) in paragraph at lines 682--685
[]\T1/ptm/m/n/10 RasterLayer rep-re-sent-ing land use map from an ear-lier time
step or an Ob-servedMaps
[13] (/usr/share/texlive/texmf-dist/tex/latex/base/utf8.def) [14]
(/usr/share/texlive/texmf-dist/tex/latex/base/utf8.def)
(/usr/share/texlive/texmf-dist/tex/latex/base/utf8.def) [15]
(/usr/share/texlive/texmf-dist/tex/latex/base/utf8.def) [16] [17]
(/usr/share/texlive/texmf-dist/tex/latex/base/utf8.def)
(/usr/share/texlive/texmf-dist/tex/latex/base/utf8.def) [18] [19]
(/usr/share/texlive/texmf-dist/tex/latex/base/utf8.def) [20]
(/usr/share/texlive/texmf-dist/tex/latex/base/utf8.def)
Overfull \hbox (14.3481pt too wide) in paragraph at lines 1232--1236
\T1/ptm/m/n/10 (if \T1/fi4/m/n/10 x \T1/ptm/m/n/10 is a list) match-ing the reg
-u-lar ex-pres-sion will be re-turned. See \T1/fi4/m/n/10 raster::[][]raster[][
][]
[21] (/usr/share/texlive/texmf-dist/tex/latex/base/utf8.def)
(/usr/share/texlive/texmf-dist/tex/latex/base/utf8.def) [22]
(/usr/share/texlive/texmf-dist/tex/latex/base/utf8.def)
Overfull \hbox (8.86827pt too wide) in paragraph at lines 1371--1373
[]\T1/ptm/m/n/10 A wrap-per func-tion for \T1/fi4/m/n/10 ROCR::[][]performance[
][][] \T1/ptm/m/n/10 to cre-ate \T1/fi4/m/n/10 performance \T1/ptm/m/n/10 ob-je
cts from a list of \T1/fi4/m/n/10 prediction
[23] (/usr/share/texlive/texmf-dist/tex/latex/base/utf8.def) [24]
(/usr/share/texlive/texmf-dist/tex/latex/base/utf8.def)
Overfull \hbox (15.79823pt too wide) in paragraph at lines 1475--1479
[]\T1/ptm/m/n/10 list of \T1/fi4/m/n/10 performance \T1/ptm/m/n/10 ob-jects. Ea
ch ob-ject is cal-cu-lated for the cor-re-spond-ing \T1/fi4/m/n/10 prediction
[25] (/usr/share/texlive/texmf-dist/tex/latex/base/utf8.def) [26]
(/usr/share/texlive/texmf-dist/tex/latex/base/utf8.def)
(/usr/share/texlive/texmf-dist/tex/latex/base/utf8.def) [27]
(/usr/share/texlive/texmf-dist/tex/latex/base/utf8.def)
(/usr/share/texlive/texmf-dist/tex/latex/base/utf8.def) [28]
Overfull \hbox (14.3481pt too wide) in paragraph at lines 1699--1703
\T1/ptm/m/n/10 (if \T1/fi4/m/n/10 x \T1/ptm/m/n/10 is a list) match-ing the reg
-u-lar ex-pres-sion will be re-turned. See \T1/fi4/m/n/10 raster::[][]raster[][
][]
[29] (/usr/share/texlive/texmf-dist/tex/latex/base/utf8.def)
(/usr/share/texlive/texmf-dist/tex/latex/base/utf8.def) [30]
(/usr/share/texlive/texmf-dist/tex/latex/base/utf8.def) [31]
(/usr/share/texlive/texmf-dist/tex/latex/base/utf8.def)
(/usr/share/texlive/texmf-dist/tex/latex/base/utf8.def) [32]
(/usr/share/texlive/texmf-dist/tex/latex/base/utf8.def) [33]
(/usr/share/texlive/texmf-dist/tex/latex/base/utf8.def)
Overfull \hbox (59.41827pt too wide) in paragraph at lines 2021--2024
[]\T1/ptm/m/n/10 numeric vec-tor of ag-gre-ga-tion fac-tors (equiv-a-lent to th
e 'fact' ar-gu-ment to \T1/fi4/m/n/10 raster::[][]aggregate[][][]
[34] (/usr/share/texlive/texmf-dist/tex/latex/base/utf8.def)
(/usr/share/texlive/texmf-dist/tex/latex/base/utf8.def) [35] (./Rd2.ind
[36]

LaTeX Font Warning: Font shape `T1/fi4/m/it' undefined
(Font)              using `T1/fi4/m/n' instead on input line 16.


Overfull \hbox (25.8567pt too wide) in paragraph at lines 16--18
[]\T1/fi4/m/n/10 AgreementBudget.plot,AgreementBudget-method 

Overfull \hbox (15.8567pt too wide) in paragraph at lines 48--50
[]\T1/fi4/m/it/10 CluesModelInput,ModelInput,numeric-method 

Overfull \hbox (25.8567pt too wide) in paragraph at lines 50--52
[]\T1/fi4/m/it/10 CluesModelInput,ObservedMaps,numeric-method 

Overfull \hbox (30.8567pt too wide) in paragraph at lines 63--65
[]\T1/fi4/m/it/10 crossTabulate,RasterLayer,RasterLayer-method 

Overfull \hbox (5.8567pt too wide) in paragraph at lines 73--75
[]\T1/fi4/m/it/10 FigureOfMerit.plot,FigureOfMerit-method 

Overfull \hbox (30.8567pt too wide) in paragraph at lines 85--87
[]\T1/fi4/m/it/10 ModelInput,ModelInput,ANY,ANY,ANY,ANY-method 

Overfull \hbox (160.8567pt too wide) in paragraph at lines 87--89
[]\T1/fi4/m/it/10 ModelInput,ObservedMaps,PredictorMaps,StatModels,numeric,matr
ix-method 

Overfull \hbox (50.8567pt too wide) in paragraph at lines 95--97
[]\T1/fi4/m/it/10 NeighbMaps,RasterLayer,ANY,ANY,NeighbMaps-method 

Overfull \hbox (40.8567pt too wide) in paragraph at lines 97--99
[]\T1/fi4/m/it/10 NeighbMaps,RasterLayer,numeric,list,ANY-method 

Overfull \hbox (55.8567pt too wide) in paragraph at lines 99--101
[]\T1/fi4/m/it/10 NeighbMaps,RasterLayer,numeric,numeric,ANY-method 

Overfull \hbox (5.8567pt too wide) in paragraph at lines 107--109
[]\T1/fi4/m/it/10 ObservedMaps,character,character-method 
[37]
Overfull \hbox (10.8567pt too wide) in paragraph at lines 154--156
[]\T1/fi4/m/it/10 PredictorMaps,character,character-method 

Overfull \hbox (0.8567pt too wide) in paragraph at lines 158--160
[]\T1/fi4/m/it/10 PredictorMaps,missing,character-method 

Overfull \hbox (20.8567pt too wide) in paragraph at lines 160--162
[]\T1/fi4/m/it/10 PredictorMaps,RasterStack,character-method 

Overfull \hbox (50.8567pt too wide) in paragraph at lines 187--189
[]\T1/fi4/m/it/10 StatModels,list,ANY,ANY,numeric,character-method 

Overfull \hbox (30.8567pt too wide) in paragraph at lines 189--191
[]\T1/fi4/m/it/10 StatModels,list,ANY,numeric,character-method 

Overfull \hbox (25.8567pt too wide) in paragraph at lines 191--193
[]\T1/fi4/m/it/10 StatModels,list,ObservedMaps,ANY,ANY-method 
[38]) (./Rd2.aux)

Package rerunfilecheck Warning: File `Rd2.out' has changed.
(rerunfilecheck)                Rerun to get outlines right
(rerunfilecheck)                or use package `bookmark'.


LaTeX Font Warning: Some font shapes were not available, defaults substituted.

 )
(see the transcript file for additional information)pdfTeX warning (dest): name
{Rfn.aggregate} has been referenced but does not exist, replaced by a fixed one


pdfTeX warning (dest): name{Rfn.prediction.Rdash.class} has been referenced but
 does not exist, replaced by a fixed one

pdfTeX warning (dest): name{Rfn.panel.xyplot} has been referenced but does not 
exist, replaced by a fixed one

pdfTeX warning (dest): name{Rfn.performance.Rdash.class} has been referenced bu
t does not exist, replaced by a fixed one

pdfTeX warning (dest): name{Rfn.stack} has been referenced but does not exist, 
replaced by a fixed one

pdfTeX warning (dest): name{Rfn.raster} has been referenced but does not exist,
 replaced by a fixed one

pdfTeX warning (dest): name{Rfn.focal} has been referenced but does not exist, 
replaced by a fixed one

pdfTeX warning (dest): name{Rfn.crosstab} has been referenced but does not exis
t, replaced by a fixed one

pdfTeX warning (dest): name{Rfn.prediction} has been referenced but does not ex
ist, replaced by a fixed one

pdfTeX warning (dest): name{Rfn.predict} has been referenced but does not exist
, replaced by a fixed one

pdfTeX warning (dest): name{Rfn.randomForest} has been referenced but does not 
exist, replaced by a fixed one

pdfTeX warning (dest): name{Rfn.rpart} has been referenced but does not exist, 
replaced by a fixed one

pdfTeX warning (dest): name{Rfn.approxExtrap} has been referenced but does not 
exist, replaced by a fixed one

pdfTeX warning (dest): name{Rfn.xyplot} has been referenced but does not exist,
 replaced by a fixed one

{/usr/share/texlive/texmf-dist/fonts/enc/dvips/base/8r.enc}{/usr/share/texlive/
texmf-dist/fonts/enc/dvips/inconsolata/fi4-ec.enc}</usr/share/texlive/texmf-dis
t/fonts/type1/public/inconsolata/Inconsolata.pfb></usr/share/texlive/texmf-dist
/fonts/type1/public/amsfonts/cm/cmsy10.pfb></usr/share/texlive/texmf-dist/fonts
/type1/urw/helvetic/uhvr8a.pfb></usr/share/texlive/texmf-dist/fonts/type1/urw/t
imes/utmb8a.pfb></usr/share/texlive/texmf-dist/fonts/type1/urw/times/utmr8a.pfb
></usr/share/texlive/texmf-dist/fonts/type1/urw/times/utmr8a.pfb></usr/share/te
xlive/texmf-dist/fonts/type1/urw/times/utmri8a.pfb>
Output written on Rd2.pdf (38 pages, 158898 bytes).
Transcript written on Rd2.log.
This is makeindex, version 2.15 [TeX Live 2013] (kpathsea + Thai support).
Scanning input file Rd2.idx....done (164 entries accepted, 3 rejected).
Sorting entries....done (1315 comparisons).
Generating output file Rd2.ind....done (209 lines written, 4 warnings).
Output written in Rd2.ind.
Transcript written in Rd2.ilg.
This is pdfTeX, Version 3.1415926-2.5-1.40.14 (TeX Live 2013)
 restricted \write18 enabled.
entering extended mode
LaTeX2e <2011/06/27>
Babel <3.9f> and hyphenation patterns for 2 languages loaded.
(./Rd2.tex
(/usr/share/texlive/texmf-dist/tex/latex/base/book.cls
Document Class: book 2007/10/19 v1.4h Standard LaTeX document class
(/usr/share/texlive/texmf-dist/tex/latex/base/bk10.clo))
(/usr/local/lib64/R/share/texmf/tex/latex/Rd.sty
(/usr/share/texlive/texmf-dist/tex/latex/base/ifthen.sty)
(/usr/share/texlive/texmf-dist/tex/latex/tools/longtable.sty)
(/usr/share/texlive/texmf-dist/tex/latex/tools/bm.sty)
(/usr/share/texlive/texmf-dist/tex/latex/base/alltt.sty)
(/usr/share/texlive/texmf-dist/tex/latex/tools/verbatim.sty)
(/usr/share/texlive/texmf-dist/tex/latex/url/url.sty)
(/usr/share/texlive/texmf-dist/tex/latex/base/textcomp.sty
(/usr/share/texlive/texmf-dist/tex/latex/base/ts1enc.def))
(/usr/share/texlive/texmf-dist/tex/latex/base/fontenc.sty
(/usr/share/texlive/texmf-dist/tex/latex/base/t1enc.def))
(/usr/share/texlive/texmf-dist/tex/latex/psnfss/times.sty)
(/usr/share/texlive/texmf-dist/tex/latex/inconsolata/inconsolata.sty
(/usr/share/texlive/texmf-dist/tex/latex/graphics/keyval.sty))
(/usr/share/texlive/texmf-dist/tex/latex/graphics/color.sty
(/usr/share/texlive/texmf-dist/tex/latex/latexconfig/color.cfg)
(/usr/share/texlive/texmf-dist/tex/latex/pdftex-def/pdftex.def
(/usr/share/texlive/texmf-dist/tex/generic/oberdiek/infwarerr.sty)
(/usr/share/texlive/texmf-dist/tex/generic/oberdiek/ltxcmds.sty)))
(/usr/share/texlive/texmf-dist/tex/latex/hyperref/hyperref.sty
(/usr/share/texlive/texmf-dist/tex/generic/oberdiek/hobsub-hyperref.sty
(/usr/share/texlive/texmf-dist/tex/generic/oberdiek/hobsub-generic.sty))
(/usr/share/texlive/texmf-dist/tex/generic/ifxetex/ifxetex.sty)
(/usr/share/texlive/texmf-dist/tex/latex/oberdiek/auxhook.sty)
(/usr/share/texlive/texmf-dist/tex/latex/oberdiek/kvoptions.sty)
(/usr/share/texlive/texmf-dist/tex/latex/hyperref/pd1enc.def)
(/usr/share/texlive/texmf-dist/tex/latex/latexconfig/hyperref.cfg))

Package hyperref Message: Driver (autodetected): hpdftex.

(/usr/share/texlive/texmf-dist/tex/latex/hyperref/hpdftex.def
(/usr/share/texlive/texmf-dist/tex/latex/oberdiek/rerunfilecheck.sty))

Package hyperref Warning: Option `hyperindex' has already been used,
(hyperref)                setting the option has no effect on input line 361.


Package hyperref Warning: Option `pagebackref' has already been used,
(hyperref)                setting the option has no effect on input line 361.

) (/usr/share/texlive/texmf-dist/tex/latex/base/makeidx.sty)
(/usr/share/texlive/texmf-dist/tex/latex/base/inputenc.sty
(/usr/share/texlive/texmf-dist/tex/latex/base/utf8.def
(/usr/share/texlive/texmf-dist/tex/latex/base/t1enc.dfu)
(/usr/share/texlive/texmf-dist/tex/latex/base/ot1enc.dfu)
(/usr/share/texlive/texmf-dist/tex/latex/base/omsenc.dfu)
(/usr/share/texlive/texmf-dist/tex/latex/base/ts1enc.dfu))
(/usr/share/texlive/texmf-dist/tex/latex/base/latin1.def))
Writing index file Rd2.idx
(./Rd2.aux) (/usr/share/texlive/texmf-dist/tex/latex/base/ts1cmr.fd)
(/usr/share/texlive/texmf-dist/tex/latex/psnfss/t1ptm.fd)
(/usr/share/texlive/texmf-dist/tex/context/base/supp-pdf.mkii
[Loading MPS to PDF converter (version 2006.09.02).]
) (/usr/share/texlive/texmf-dist/tex/latex/hyperref/nameref.sty
(/usr/share/texlive/texmf-dist/tex/generic/oberdiek/gettitlestring.sty))
(./Rd2.out) (./Rd2.out)
(/usr/share/texlive/texmf-dist/tex/latex/inconsolata/t1fi4.fd)
(/usr/share/texlive/texmf-dist/tex/latex/psnfss/ts1ptm.fd)
(/usr/share/texlive/texmf-dist/tex/latex/psnfss/t1phv.fd) (./Rd2.toc [1{/usr/sh
are/texlive/texmf-dist/fonts/map/pdftex/updmap/pdftex.map}])
(/usr/share/texlive/texmf-dist/tex/latex/base/utf8.def)
(/usr/share/texlive/texmf-dist/tex/latex/base/utf8.def) [2]
(/usr/share/texlive/texmf-dist/tex/latex/base/utf8.def) [3]
(/usr/share/texlive/texmf-dist/tex/latex/base/utf8.def)
(/usr/share/texlive/texmf-dist/tex/latex/inconsolata/ts1fi4.fd) [4]
(/usr/share/texlive/texmf-dist/tex/latex/base/utf8.def) [5]
(/usr/share/texlive/texmf-dist/tex/latex/base/utf8.def) [6] [7]
(/usr/share/texlive/texmf-dist/tex/latex/base/utf8.def) [8]
(/usr/share/texlive/texmf-dist/tex/latex/base/utf8.def) [9]
(/usr/share/texlive/texmf-dist/tex/latex/base/utf8.def)
(/usr/share/texlive/texmf-dist/tex/latex/base/utf8.def) [10]
(/usr/share/texlive/texmf-dist/tex/latex/base/utf8.def) [11]
Overfull \hbox (34.46725pt too wide) in paragraph at lines 631--636
[]\T1/ptm/m/n/10 The user can com-pare the per-for-mance of dif-fer-ent sta-tis
-ti-cal mod-els by pro-vid-ing a list of \T1/fi4/m/n/10 PredictionMulti
(/usr/share/texlive/texmf-dist/tex/latex/base/utf8.def) [12]
Overfull \hbox (15.48746pt too wide) in paragraph at lines 682--685
[]\T1/ptm/m/n/10 RasterLayer rep-re-sent-ing land use map from an ear-lier time
step or an Ob-servedMaps
[13] (/usr/share/texlive/texmf-dist/tex/latex/base/utf8.def) [14]
(/usr/share/texlive/texmf-dist/tex/latex/base/utf8.def)
(/usr/share/texlive/texmf-dist/tex/latex/base/utf8.def) [15]
(/usr/share/texlive/texmf-dist/tex/latex/base/utf8.def) [16] [17]
(/usr/share/texlive/texmf-dist/tex/latex/base/utf8.def)
(/usr/share/texlive/texmf-dist/tex/latex/base/utf8.def) [18] [19]
(/usr/share/texlive/texmf-dist/tex/latex/base/utf8.def) [20]
(/usr/share/texlive/texmf-dist/tex/latex/base/utf8.def)
Overfull \hbox (14.3481pt too wide) in paragraph at lines 1232--1236
\T1/ptm/m/n/10 (if \T1/fi4/m/n/10 x \T1/ptm/m/n/10 is a list) match-ing the reg
-u-lar ex-pres-sion will be re-turned. See \T1/fi4/m/n/10 raster::[][]raster[][
][]
[21] (/usr/share/texlive/texmf-dist/tex/latex/base/utf8.def)
(/usr/share/texlive/texmf-dist/tex/latex/base/utf8.def) [22]
(/usr/share/texlive/texmf-dist/tex/latex/base/utf8.def)
Overfull \hbox (8.86827pt too wide) in paragraph at lines 1371--1373
[]\T1/ptm/m/n/10 A wrap-per func-tion for \T1/fi4/m/n/10 ROCR::[][]performance[
][][] \T1/ptm/m/n/10 to cre-ate \T1/fi4/m/n/10 performance \T1/ptm/m/n/10 ob-je
cts from a list of \T1/fi4/m/n/10 prediction
[23] (/usr/share/texlive/texmf-dist/tex/latex/base/utf8.def) [24]
(/usr/share/texlive/texmf-dist/tex/latex/base/utf8.def)
Overfull \hbox (15.79823pt too wide) in paragraph at lines 1475--1479
[]\T1/ptm/m/n/10 list of \T1/fi4/m/n/10 performance \T1/ptm/m/n/10 ob-jects. Ea
ch ob-ject is cal-cu-lated for the cor-re-spond-ing \T1/fi4/m/n/10 prediction
[25] (/usr/share/texlive/texmf-dist/tex/latex/base/utf8.def) [26]
(/usr/share/texlive/texmf-dist/tex/latex/base/utf8.def)
(/usr/share/texlive/texmf-dist/tex/latex/base/utf8.def) [27]
(/usr/share/texlive/texmf-dist/tex/latex/base/utf8.def)
(/usr/share/texlive/texmf-dist/tex/latex/base/utf8.def) [28]
Overfull \hbox (14.3481pt too wide) in paragraph at lines 1699--1703
\T1/ptm/m/n/10 (if \T1/fi4/m/n/10 x \T1/ptm/m/n/10 is a list) match-ing the reg
-u-lar ex-pres-sion will be re-turned. See \T1/fi4/m/n/10 raster::[][]raster[][
][]
[29] (/usr/share/texlive/texmf-dist/tex/latex/base/utf8.def)
(/usr/share/texlive/texmf-dist/tex/latex/base/utf8.def) [30]
(/usr/share/texlive/texmf-dist/tex/latex/base/utf8.def) [31]
(/usr/share/texlive/texmf-dist/tex/latex/base/utf8.def)
(/usr/share/texlive/texmf-dist/tex/latex/base/utf8.def) [32]
(/usr/share/texlive/texmf-dist/tex/latex/base/utf8.def) [33]
(/usr/share/texlive/texmf-dist/tex/latex/base/utf8.def)
Overfull \hbox (59.41827pt too wide) in paragraph at lines 2021--2024
[]\T1/ptm/m/n/10 numeric vec-tor of ag-gre-ga-tion fac-tors (equiv-a-lent to th
e 'fact' ar-gu-ment to \T1/fi4/m/n/10 raster::[][]aggregate[][][]
[34] (/usr/share/texlive/texmf-dist/tex/latex/base/utf8.def)
(/usr/share/texlive/texmf-dist/tex/latex/base/utf8.def) [35] (./Rd2.ind
[36]

LaTeX Font Warning: Font shape `T1/fi4/m/it' undefined
(Font)              using `T1/fi4/m/n' instead on input line 16.


Overfull \hbox (25.8567pt too wide) in paragraph at lines 16--18
[]\T1/fi4/m/n/10 AgreementBudget.plot,AgreementBudget-method 

Overfull \hbox (15.8567pt too wide) in paragraph at lines 48--50
[]\T1/fi4/m/it/10 CluesModelInput,ModelInput,numeric-method 

Overfull \hbox (25.8567pt too wide) in paragraph at lines 50--52
[]\T1/fi4/m/it/10 CluesModelInput,ObservedMaps,numeric-method 

Overfull \hbox (30.8567pt too wide) in paragraph at lines 63--65
[]\T1/fi4/m/it/10 crossTabulate,RasterLayer,RasterLayer-method 

Overfull \hbox (5.8567pt too wide) in paragraph at lines 73--75
[]\T1/fi4/m/it/10 FigureOfMerit.plot,FigureOfMerit-method 

Overfull \hbox (30.8567pt too wide) in paragraph at lines 85--87
[]\T1/fi4/m/it/10 ModelInput,ModelInput,ANY,ANY,ANY,ANY-method 

Overfull \hbox (160.8567pt too wide) in paragraph at lines 87--89
[]\T1/fi4/m/it/10 ModelInput,ObservedMaps,PredictorMaps,StatModels,numeric,matr
ix-method 

Overfull \hbox (50.8567pt too wide) in paragraph at lines 95--97
[]\T1/fi4/m/it/10 NeighbMaps,RasterLayer,ANY,ANY,NeighbMaps-method 

Overfull \hbox (40.8567pt too wide) in paragraph at lines 97--99
[]\T1/fi4/m/it/10 NeighbMaps,RasterLayer,numeric,list,ANY-method 

Overfull \hbox (55.8567pt too wide) in paragraph at lines 99--101
[]\T1/fi4/m/it/10 NeighbMaps,RasterLayer,numeric,numeric,ANY-method 

Overfull \hbox (5.8567pt too wide) in paragraph at lines 107--109
[]\T1/fi4/m/it/10 ObservedMaps,character,character-method 
[37]
Overfull \hbox (10.8567pt too wide) in paragraph at lines 154--156
[]\T1/fi4/m/it/10 PredictorMaps,character,character-method 

Overfull \hbox (0.8567pt too wide) in paragraph at lines 158--160
[]\T1/fi4/m/it/10 PredictorMaps,missing,character-method 

Overfull \hbox (20.8567pt too wide) in paragraph at lines 160--162
[]\T1/fi4/m/it/10 PredictorMaps,RasterStack,character-method 

Overfull \hbox (50.8567pt too wide) in paragraph at lines 187--189
[]\T1/fi4/m/it/10 StatModels,list,ANY,ANY,numeric,character-method 

Overfull \hbox (30.8567pt too wide) in paragraph at lines 189--191
[]\T1/fi4/m/it/10 StatModels,list,ANY,numeric,character-method 

Overfull \hbox (25.8567pt too wide) in paragraph at lines 191--193
[]\T1/fi4/m/it/10 StatModels,list,ObservedMaps,ANY,ANY-method 
[38]) (./Rd2.aux)

LaTeX Font Warning: Some font shapes were not available, defaults substituted.

 )
(see the transcript file for additional information)pdfTeX warning (dest): name
{Rfn.aggregate} has been referenced but does not exist, replaced by a fixed one


pdfTeX warning (dest): name{Rfn.prediction.Rdash.class} has been referenced but
 does not exist, replaced by a fixed one

pdfTeX warning (dest): name{Rfn.panel.xyplot} has been referenced but does not 
exist, replaced by a fixed one

pdfTeX warning (dest): name{Rfn.performance.Rdash.class} has been referenced bu
t does not exist, replaced by a fixed one

pdfTeX warning (dest): name{Rfn.stack} has been referenced but does not exist, 
replaced by a fixed one

pdfTeX warning (dest): name{Rfn.raster} has been referenced but does not exist,
 replaced by a fixed one

pdfTeX warning (dest): name{Rfn.focal} has been referenced but does not exist, 
replaced by a fixed one

pdfTeX warning (dest): name{Rfn.crosstab} has been referenced but does not exis
t, replaced by a fixed one

pdfTeX warning (dest): name{Rfn.prediction} has been referenced but does not ex
ist, replaced by a fixed one

pdfTeX warning (dest): name{Rfn.predict} has been referenced but does not exist
, replaced by a fixed one

pdfTeX warning (dest): name{Rfn.randomForest} has been referenced but does not 
exist, replaced by a fixed one

pdfTeX warning (dest): name{Rfn.rpart} has been referenced but does not exist, 
replaced by a fixed one

pdfTeX warning (dest): name{Rfn.approxExtrap} has been referenced but does not 
exist, replaced by a fixed one

pdfTeX warning (dest): name{Rfn.xyplot} has been referenced but does not exist,
 replaced by a fixed one

{/usr/share/texlive/texmf-dist/fonts/enc/dvips/base/8r.enc}{/usr/share/texlive/
texmf-dist/fonts/enc/dvips/inconsolata/fi4-ec.enc}</usr/share/texlive/texmf-dis
t/fonts/type1/public/inconsolata/Inconsolata.pfb></usr/share/texlive/texmf-dist
/fonts/type1/public/amsfonts/cm/cmsy10.pfb></usr/share/texlive/texmf-dist/fonts
/type1/urw/helvetic/uhvr8a.pfb></usr/share/texlive/texmf-dist/fonts/type1/urw/t
imes/utmb8a.pfb></usr/share/texlive/texmf-dist/fonts/type1/urw/times/utmr8a.pfb
></usr/share/texlive/texmf-dist/fonts/type1/urw/times/utmr8a.pfb></usr/share/te
xlive/texmf-dist/fonts/type1/urw/times/utmri8a.pfb>
Output written on Rd2.pdf (38 pages, 158991 bytes).
Transcript written on Rd2.log.
Saving output to 'lulccR-manual.pdf' ...
Done
You may want to clean up by 'rm -rf /tmp/RtmpzXT0uy/Rd2pdf3d9e740c3c2b'
